2021-04-20 15:58:38 [(null)] [(null)] [ERROR] [9]  DataAccess.Repositories.UserRepository.GetUserByEmail: GetUserByEmail() Fin.
2021-04-20 15:58:38 [(null)] [(null)] [ERROR] [9]  DataAccess.Repositories.UserRepository.GetConnectionsByUserId: GetConnectionsByUserId() Fin.
2021-04-20 15:58:39 [(null)] [(null)] [ERROR] [9]  BLLTrylogycWebsite.Models.BLLUser.Login: Ocurrió una excepción durante la recuperación del usuario mivancich@trylogyc.com.ar. Error: Could not find a part of the path 'C:\Fuentes\Trylogyc\VBNET\ApiTrylogycWebsite2\ApiTrylogycWebSite2\APITrylogycWebsite\bin\Debug\netcoreapp3.1\XmlFiles\SALDOS.xml'.
2021-04-20 16:03:07 [(null)] [(null)] [ERROR] [15]  DataAccess.Repositories.UserRepository.GetUserByEmail: GetUserByEmail() Fin.
2021-04-20 16:03:25 [(null)] [(null)] [ERROR] [15]  DataAccess.Repositories.UserRepository.GetConnectionsByUserId: GetConnectionsByUserId() Fin.
2021-04-20 16:04:02 [(null)] [(null)] [ERROR] [5]  DataAccess.Repositories.UserRepository.GetConnectionsByUserId: GetConnectionsByUserId() Fin.
2021-04-20 16:04:04 [(null)] [(null)] [ERROR] [4]  DataAccess.Repositories.UserRepository.GetConnectionsByUserId: GetConnectionsByUserId() Fin.
2021-04-20 16:04:53 [(null)] [(null)] [ERROR] [15]  DataAccess.Repositories.UserRepository.GetConnectionsByUserId: GetConnectionsByUserId() Fin.
2021-04-20 16:12:48 [(null)] [(null)] [ERROR] [20]  DataAccess.Repositories.UserRepository.GetUserByEmail: GetUserByEmail() Fin.
2021-04-20 16:12:49 [(null)] [(null)] [ERROR] [20]  DataAccess.Repositories.UserRepository.GetConnectionsByUserId: GetConnectionsByUserId() Fin.
2021-04-20 16:12:55 [(null)] [(null)] [ERROR] [24]  DataAccess.Repositories.UserRepository.GetConnectionsByUserId: GetConnectionsByUserId() Fin.
2021-04-20 16:12:59 [(null)] [(null)] [ERROR] [21]  DataAccess.Repositories.UserRepository.GetConnectionsByUserId: GetConnectionsByUserId() Fin.
2021-04-20 16:13:05 [(null)] [(null)] [ERROR] [25]  DataAccess.Repositories.UserRepository.GetConnectionsByUserId: GetConnectionsByUserId() Fin.
2021-04-21 14:03:47 [(null)] [(null)] [ERROR] [7]  DataAccess.Repositories.UserRepository.GetUserByEmail: Ocurrieron Errores. A connection was successfully established with the server, but then an error occurred during the pre-login handshake. (provider: TCP Provider, error: 0 - Se ha forzado la interrupción de una conexión existente por el host remoto.)
2021-04-21 14:03:47 [(null)] [(null)] [ERROR] [7]  DataAccess.Repositories.UserRepository.GetUserByEmail: GetUserByEmail() Fin.
2021-04-21 14:04:13 [(null)] [(null)] [ERROR] [7]  DataAccess.Repositories.UserRepository.GetUserByEmail: Ocurrieron Errores. A connection was successfully established with the server, but then an error occurred during the pre-login handshake. (provider: TCP Provider, error: 0 - Se ha forzado la interrupción de una conexión existente por el host remoto.)
2021-04-21 14:04:13 [(null)] [(null)] [ERROR] [7]  DataAccess.Repositories.UserRepository.GetUserByEmail: GetUserByEmail() Fin.
2021-04-21 14:14:49 [(null)] [(null)] [ERROR] [13]  DataAccess.Repositories.UserRepository.GetUserByEmail: GetUserByEmail() Fin.
2021-04-21 14:14:50 [(null)] [(null)] [ERROR] [13]  DataAccess.Repositories.UserRepository.GetConnectionsByUserId: GetConnectionsByUserId() Fin.
2021-04-21 14:15:09 [(null)] [(null)] [ERROR] [14]  DataAccess.Repositories.UserRepository.GetConnectionsByUserId: GetConnectionsByUserId() Fin.
2021-04-21 14:15:13 [(null)] [(null)] [ERROR] [15]  DataAccess.Repositories.UserRepository.GetConnectionsByUserId: GetConnectionsByUserId() Fin.
2021-04-21 14:15:22 [(null)] [(null)] [ERROR] [14]  DataAccess.Repositories.UserRepository.GetConnectionsByUserId: GetConnectionsByUserId() Fin.
2021-04-21 14:17:40 [(null)] [(null)] [ERROR] [10]  DataAccess.Repositories.UserRepository.GetConnectionsByUserId: GetConnectionsByUserId() Fin.
2021-04-21 14:22:30 [(null)] [(null)] [ERROR] [22]  DataAccess.Repositories.UserRepository.GetUserByEmail: GetUserByEmail() Fin.
2021-04-21 14:22:30 [(null)] [(null)] [ERROR] [22]  DataAccess.Repositories.UserRepository.GetConnectionsByUserId: GetConnectionsByUserId() Fin.
2021-04-21 14:22:34 [(null)] [(null)] [ERROR] [22]  DataAccess.Repositories.UserRepository.GetConnectionsByUserId: GetConnectionsByUserId() Fin.
2021-04-21 14:22:38 [(null)] [(null)] [ERROR] [23]  DataAccess.Repositories.UserRepository.GetConnectionsByUserId: GetConnectionsByUserId() Fin.
2021-04-21 14:22:56 [(null)] [(null)] [ERROR] [23]  DataAccess.Repositories.UserRepository.GetConnectionsByUserId: GetConnectionsByUserId() Fin.
2021-04-21 16:16:34 [(null)] [(null)] [ERROR] [16]  DataAccess.Repositories.UserRepository.GetUserByEmail: GetUserByEmail() Fin.
2021-04-21 16:19:20 [(null)] [(null)] [ERROR] [13]  DataAccess.Repositories.UserRepository.GetUserByEmail: GetUserByEmail() Fin.
2021-04-21 16:19:20 [(null)] [(null)] [ERROR] [13]  DataAccess.Repositories.UserRepository.GetConnectionsByUserId: GetConnectionsByUserId() Fin.
2021-04-21 16:21:46 [(null)] [(null)] [ERROR] [10]  DataAccess.Repositories.UserRepository.GetUserByEmail: GetUserByEmail() Fin.
2021-04-21 16:21:46 [(null)] [(null)] [ERROR] [10]  DataAccess.Repositories.UserRepository.GetConnectionsByUserId: GetConnectionsByUserId() Fin.
2021-04-21 16:21:52 [(null)] [(null)] [ERROR] [5]  DataAccess.Repositories.UserRepository.GetConnectionsByUserId: GetConnectionsByUserId() Fin.
2021-04-21 16:21:56 [(null)] [(null)] [ERROR] [10]  DataAccess.Repositories.UserRepository.GetConnectionsByUserId: GetConnectionsByUserId() Fin.
2021-04-21 16:22:13 [(null)] [(null)] [ERROR] [10]  DataAccess.Repositories.UserRepository.GetConnectionsByUserId: GetConnectionsByUserId() Fin.
2021-04-21 17:34:10 [(null)] [(null)] [ERROR] [8]  DataAccess.Repositories.UserRepository.GetUserByEmail: GetUserByEmail() Fin.
2021-04-21 17:34:20 [(null)] [(null)] [ERROR] [8]  DataAccess.Repositories.UserRepository.GetConnectionsByUserId: GetConnectionsByUserId() Fin.
2021-04-21 17:34:29 [(null)] [(null)] [ERROR] [15]  DataAccess.Repositories.UserRepository.GetConnectionsByUserId: GetConnectionsByUserId() Fin.
2021-04-21 17:34:35 [(null)] [(null)] [ERROR] [11]  DataAccess.Repositories.UserRepository.GetConnectionsByUserId: GetConnectionsByUserId() Fin.
2021-04-21 17:34:50 [(null)] [(null)] [ERROR] [11]  DataAccess.Repositories.UserRepository.GetConnectionsByUserId: GetConnectionsByUserId() Fin.
2021-04-21 17:41:01 [(null)] [(null)] [ERROR] [14]  DataAccess.Repositories.UserRepository.GetUserByEmail: GetUserByEmail() Fin.
2021-04-21 17:41:01 [(null)] [(null)] [ERROR] [14]  DataAccess.Repositories.UserRepository.GetConnectionsByUserId: GetConnectionsByUserId() Fin.
2021-04-21 17:41:05 [(null)] [(null)] [ERROR] [14]  DataAccess.Repositories.UserRepository.GetConnectionsByUserId: GetConnectionsByUserId() Fin.
2021-04-21 17:41:12 [(null)] [(null)] [ERROR] [10]  DataAccess.Repositories.UserRepository.GetConnectionsByUserId: GetConnectionsByUserId() Fin.
2021-04-21 17:41:21 [(null)] [(null)] [ERROR] [6]  DataAccess.Repositories.UserRepository.GetConnectionsByUserId: GetConnectionsByUserId() Fin.
2021-04-21 17:43:06 [(null)] [(null)] [ERROR] [15]  DataAccess.Repositories.UserRepository.GetConnectionsByUserId: GetConnectionsByUserId() Fin.
2021-04-21 17:47:00 [(null)] [(null)] [ERROR] [13]  DataAccess.Repositories.UserRepository.GetUserByEmail: GetUserByEmail() Fin.
2021-04-21 17:47:01 [(null)] [(null)] [ERROR] [13]  DataAccess.Repositories.UserRepository.GetConnectionsByUserId: GetConnectionsByUserId() Fin.
2021-04-21 17:47:06 [(null)] [(null)] [ERROR] [14]  DataAccess.Repositories.UserRepository.GetConnectionsByUserId: GetConnectionsByUserId() Fin.
2021-04-21 17:47:11 [(null)] [(null)] [ERROR] [15]  DataAccess.Repositories.UserRepository.GetConnectionsByUserId: GetConnectionsByUserId() Fin.
2021-04-21 17:47:19 [(null)] [(null)] [ERROR] [13]  DataAccess.Repositories.UserRepository.GetConnectionsByUserId: GetConnectionsByUserId() Fin.
2021-04-21 17:49:37 [(null)] [(null)] [ERROR] [22]  DataAccess.Repositories.UserRepository.GetConnectionsByUserId: GetConnectionsByUserId() Fin.
2021-04-21 17:53:27 [(null)] [(null)] [ERROR] [15]  DataAccess.Repositories.UserRepository.GetUserByEmail: GetUserByEmail() Fin.
2021-04-21 17:53:28 [(null)] [(null)] [ERROR] [15]  DataAccess.Repositories.UserRepository.GetConnectionsByUserId: GetConnectionsByUserId() Fin.
2021-04-21 17:53:32 [(null)] [(null)] [ERROR] [15]  DataAccess.Repositories.UserRepository.GetConnectionsByUserId: GetConnectionsByUserId() Fin.
2021-04-21 17:53:37 [(null)] [(null)] [ERROR] [5]  DataAccess.Repositories.UserRepository.GetConnectionsByUserId: GetConnectionsByUserId() Fin.
2021-04-21 17:53:42 [(null)] [(null)] [ERROR] [16]  DataAccess.Repositories.UserRepository.GetConnectionsByUserId: GetConnectionsByUserId() Fin.
2021-04-21 17:55:12 [(null)] [(null)] [ERROR] [9]  DataAccess.Repositories.UserRepository.GetConnectionsByUserId: GetConnectionsByUserId() Fin.
2021-04-21 17:55:15 [(null)] [(null)] [ERROR] [17]  DataAccess.Repositories.UserRepository.GetConnectionsByUserId: GetConnectionsByUserId() Fin.
2021-04-21 17:55:18 [(null)] [(null)] [ERROR] [17]  DataAccess.Repositories.UserRepository.GetConnectionsByUserId: GetConnectionsByUserId() Fin.
2021-04-21 17:55:31 [(null)] [(null)] [ERROR] [17]  DataAccess.Repositories.UserRepository.GetConnectionsByUserId: GetConnectionsByUserId() Fin.
2021-04-21 17:55:40 [(null)] [(null)] [ERROR] [17]  DataAccess.Repositories.UserRepository.GetConnectionsByUserId: GetConnectionsByUserId() Fin.
2021-04-21 17:56:36 [(null)] [(null)] [ERROR] [19]  DataAccess.Repositories.UserRepository.GetConnectionsByUserId: GetConnectionsByUserId() Fin.
2021-04-21 17:56:39 [(null)] [(null)] [ERROR] [21]  DataAccess.Repositories.UserRepository.GetConnectionsByUserId: GetConnectionsByUserId() Fin.
2021-05-15 10:25:51 [(null)] [(null)] [ERROR] [16]  DataAccess.Repositories.UserRepository.GetUserByEmail: GetUserByEmail() Fin.
2021-05-15 10:25:51 [(null)] [(null)] [ERROR] [16]  DataAccess.Repositories.UserRepository.GetConnectionsByUserId: GetConnectionsByUserId() Fin.
2021-05-15 10:26:14 [(null)] [(null)] [ERROR] [14]  DataAccess.Repositories.UserRepository.GetConnectionsByUserId: GetConnectionsByUserId() Fin.
2021-05-15 10:26:14 [(null)] [(null)] [ERROR] [15]  DataAccess.Repositories.UserRepository.GetConnectionsByUserId: GetConnectionsByUserId() Fin.
2021-05-15 10:28:03 [(null)] [(null)] [ERROR] [10]  DataAccess.Repositories.UserRepository.GetConnectionsByUserId: GetConnectionsByUserId() Fin.
2021-05-15 10:28:03 [(null)] [(null)] [ERROR] [5]  DataAccess.Repositories.UserRepository.GetConnectionsByUserId: GetConnectionsByUserId() Fin.
2021-05-15 10:28:05 [(null)] [(null)] [ERROR] [6]  DataAccess.Repositories.UserRepository.GetConnectionsByUserId: GetConnectionsByUserId() Fin.
2021-05-15 10:28:06 [(null)] [(null)] [ERROR] [5]  DataAccess.Repositories.UserRepository.GetConnectionsByUserId: GetConnectionsByUserId() Fin.
2021-05-15 10:33:48 [(null)] [(null)] [ERROR] [21]  DataAccess.Repositories.UserRepository.GetUserByEmail: GetUserByEmail() Fin.
2021-05-15 10:33:48 [(null)] [(null)] [ERROR] [21]  DataAccess.Repositories.UserRepository.GetConnectionsByUserId: GetConnectionsByUserId() Fin.
2021-05-15 10:33:49 [(null)] [(null)] [ERROR] [20]  DataAccess.Repositories.UserRepository.GetConnectionsByUserId: GetConnectionsByUserId() Fin.
2021-05-15 10:33:49 [(null)] [(null)] [ERROR] [21]  DataAccess.Repositories.UserRepository.GetConnectionsByUserId: GetConnectionsByUserId() Fin.
2021-05-15 10:35:22 [(null)] [(null)] [ERROR] [26]  DataAccess.Repositories.UserRepository.GetConnectionsByUserId: GetConnectionsByUserId() Fin.
2021-05-15 10:50:13 [(null)] [(null)] [ERROR] [17]  DataAccess.Repositories.UserRepository.GetUserByEmail: GetUserByEmail() Fin.
2021-05-15 10:50:13 [(null)] [(null)] [ERROR] [17]  DataAccess.Repositories.UserRepository.GetConnectionsByUserId: GetConnectionsByUserId() Fin.
2021-05-15 10:50:13 [(null)] [(null)] [ERROR] [4]  DataAccess.Repositories.UserRepository.GetConnectionsByUserId: GetConnectionsByUserId() Fin.
2021-05-15 10:50:14 [(null)] [(null)] [ERROR] [5]  DataAccess.Repositories.UserRepository.GetConnectionsByUserId: GetConnectionsByUserId() Fin.
2021-05-15 10:50:38 [(null)] [(null)] [ERROR] [17]  DataAccess.Repositories.UserRepository.GetConnectionsByUserId: GetConnectionsByUserId() Fin.
2021-05-15 10:50:57 [(null)] [(null)] [ERROR] [10]  DataAccess.Repositories.UserRepository.GetConnectionsByUserId: GetConnectionsByUserId() Fin.
2021-05-15 10:50:57 [(null)] [(null)] [ERROR] [6]  DataAccess.Repositories.UserRepository.GetConnectionsByUserId: GetConnectionsByUserId() Fin.
2021-05-15 10:53:27 [(null)] [(null)] [ERROR] [27]  DataAccess.Repositories.UserRepository.GetConnectionsByUserId: GetConnectionsByUserId() Fin.
2021-05-15 10:54:03 [(null)] [(null)] [ERROR] [13]  DataAccess.Repositories.UserRepository.GetConnectionsByUserId: GetConnectionsByUserId() Fin.
2021-05-15 10:54:03 [(null)] [(null)] [ERROR] [13]  DataAccess.Repositories.UserRepository.GetConnectionsByUserId: GetConnectionsByUserId() Fin.
2021-05-15 10:56:51 [(null)] [(null)] [ERROR] [4]  DataAccess.Repositories.UserRepository.GetConnectionsByUserId: GetConnectionsByUserId() Fin.
2021-05-22 11:28:33 [(null)] [(null)] [ERROR] [16]  DataAccess.Repositories.UserRepository.GetUserByEmail: GetUserByEmail() Fin.
2021-05-22 11:28:33 [(null)] [(null)] [ERROR] [16]  DataAccess.Repositories.UserRepository.GetConnectionsByUserId: GetConnectionsByUserId() Fin.
2021-05-22 11:28:36 [(null)] [(null)] [ERROR] [16]  DataAccess.Repositories.UserRepository.GetConnectionsByUserId: GetConnectionsByUserId() Fin.
2021-05-22 11:28:36 [(null)] [(null)] [ERROR] [14]  DataAccess.Repositories.UserRepository.GetConnectionsByUserId: GetConnectionsByUserId() Fin.
2021-05-22 11:28:42 [(null)] [(null)] [ERROR] [15]  DataAccess.Repositories.UserRepository.GetConnectionsByUserId: GetConnectionsByUserId() Fin.
2021-05-22 11:28:43 [(null)] [(null)] [ERROR] [16]  DataAccess.Repositories.UserRepository.GetConnectionsByUserId: GetConnectionsByUserId() Fin.
2021-05-23 08:23:11 [(null)] [(null)] [ERROR] [14]  DataAccess.Repositories.UserRepository.GetUserByEmail: GetUserByEmail() Fin.
2021-05-23 08:23:11 [(null)] [(null)] [ERROR] [14]  DataAccess.Repositories.UserRepository.GetConnectionsByUserId: GetConnectionsByUserId() Fin.
2021-05-23 08:23:14 [(null)] [(null)] [ERROR] [15]  DataAccess.Repositories.UserRepository.GetConnectionsByUserId: GetConnectionsByUserId() Fin.
2021-05-23 08:23:15 [(null)] [(null)] [ERROR] [16]  DataAccess.Repositories.UserRepository.GetConnectionsByUserId: GetConnectionsByUserId() Fin.
2021-05-23 08:23:32 [(null)] [(null)] [ERROR] [15]  DataAccess.Repositories.UserRepository.GetConnectionsByUserId: GetConnectionsByUserId() Fin.
2021-05-23 08:23:32 [(null)] [(null)] [ERROR] [13]  DataAccess.Repositories.UserRepository.GetConnectionsByUserId: GetConnectionsByUserId() Fin.
2021-05-23 08:24:41 [(null)] [(null)] [ERROR] [4]  DataAccess.Repositories.UserRepository.GetConnectionsByUserId: GetConnectionsByUserId() Fin.
2021-05-23 08:28:36 [(null)] [(null)] [ERROR] [22]  DataAccess.Repositories.PaymentRepository.RegisterPayment: Register() Fin.
2021-05-23 08:30:34 [(null)] [(null)] [ERROR] [22]  DataAccess.Repositories.UserRepository.GetUserByEmail: GetUserByEmail() Fin.
2021-05-23 08:30:34 [(null)] [(null)] [ERROR] [22]  DataAccess.Repositories.UserRepository.GetConnectionsByUserId: GetConnectionsByUserId() Fin.
2021-05-23 08:30:35 [(null)] [(null)] [ERROR] [30]  DataAccess.Repositories.UserRepository.GetConnectionsByUserId: GetConnectionsByUserId() Fin.
2021-05-23 08:30:35 [(null)] [(null)] [ERROR] [22]  DataAccess.Repositories.UserRepository.GetConnectionsByUserId: GetConnectionsByUserId() Fin.
2021-05-23 08:31:33 [(null)] [(null)] [ERROR] [32]  DataAccess.Repositories.UserRepository.GetConnectionsByUserId: GetConnectionsByUserId() Fin.
2021-05-23 08:31:59 [(null)] [(null)] [ERROR] [32]  DataAccess.Repositories.UserRepository.GetConnectionsByUserId: GetConnectionsByUserId() Fin.
2021-05-23 08:31:59 [(null)] [(null)] [ERROR] [37]  DataAccess.Repositories.UserRepository.GetConnectionsByUserId: GetConnectionsByUserId() Fin.
2021-05-23 08:32:21 [(null)] [(null)] [ERROR] [36]  DataAccess.Repositories.UserRepository.GetConnectionsByUserId: GetConnectionsByUserId() Fin.
2021-05-23 08:32:35 [(null)] [(null)] [ERROR] [32]  DataAccess.Repositories.PaymentRepository.RegisterPayment: Register() Fin.
2021-05-23 08:34:19 [(null)] [(null)] [ERROR] [29]  DataAccess.Repositories.UserRepository.GetConnectionsByUserId: GetConnectionsByUserId() Fin.
2021-05-23 08:34:20 [(null)] [(null)] [ERROR] [30]  DataAccess.Repositories.UserRepository.GetConnectionsByUserId: GetConnectionsByUserId() Fin.
2021-05-23 08:34:24 [(null)] [(null)] [ERROR] [30]  DataAccess.Repositories.UserRepository.GetConnectionsByUserId: GetConnectionsByUserId() Fin.
2021-05-23 08:34:32 [(null)] [(null)] [ERROR] [30]  DataAccess.Repositories.PaymentRepository.RegisterPayment: Register() Fin.
2021-05-23 09:32:24 [(null)] [(null)] [ERROR] [16]  DataAccess.Repositories.UserRepository.GetUserByEmail: GetUserByEmail() Fin.
2021-05-23 09:32:24 [(null)] [(null)] [ERROR] [16]  DataAccess.Repositories.UserRepository.GetConnectionsByUserId: GetConnectionsByUserId() Fin.
2021-05-23 09:32:25 [(null)] [(null)] [ERROR] [16]  DataAccess.Repositories.UserRepository.GetConnectionsByUserId: GetConnectionsByUserId() Fin.
2021-05-23 09:32:25 [(null)] [(null)] [ERROR] [5]  DataAccess.Repositories.UserRepository.GetConnectionsByUserId: GetConnectionsByUserId() Fin.
2021-05-23 09:32:26 [(null)] [(null)] [ERROR] [16]  DataAccess.Repositories.UserRepository.GetUserByEmail: GetUserByEmail() Fin.
2021-05-23 09:32:26 [(null)] [(null)] [ERROR] [16]  DataAccess.Repositories.UserRepository.GetConnectionsByUserId: GetConnectionsByUserId() Fin.
2021-05-23 09:32:27 [(null)] [(null)] [ERROR] [17]  DataAccess.Repositories.UserRepository.GetConnectionsByUserId: GetConnectionsByUserId() Fin.
2021-05-23 09:32:27 [(null)] [(null)] [ERROR] [18]  DataAccess.Repositories.UserRepository.GetConnectionsByUserId: GetConnectionsByUserId() Fin.
2021-05-23 09:32:30 [(null)] [(null)] [ERROR] [14]  DataAccess.Repositories.UserRepository.GetConnectionsByUserId: GetConnectionsByUserId() Fin.
2021-05-23 09:33:27 [(null)] [(null)] [ERROR] [9]  DataAccess.Repositories.PaymentRepository.RegisterPayment: Register() Fin.
2021-05-23 09:33:51 [(null)] [(null)] [ERROR] [21]  DataAccess.Repositories.PaymentRepository.UpdatePayment: Ocurrieron Errores. El procedimiento o la función 'UPD_PAGOS' esperaba el parámetro '@TransaccionComercioId', que no se ha especificado.
2021-05-23 09:33:51 [(null)] [(null)] [ERROR] [21]  DataAccess.Repositories.PaymentRepository.UpdatePayment: Update() Fin.
2021-05-23 09:35:52 [(null)] [(null)] [ERROR] [26]  DataAccess.Repositories.UserRepository.GetUserByEmail: GetUserByEmail() Fin.
2021-05-23 09:35:52 [(null)] [(null)] [ERROR] [26]  DataAccess.Repositories.UserRepository.GetConnectionsByUserId: GetConnectionsByUserId() Fin.
2021-05-23 09:35:52 [(null)] [(null)] [ERROR] [23]  DataAccess.Repositories.UserRepository.GetConnectionsByUserId: GetConnectionsByUserId() Fin.
2021-05-23 09:35:52 [(null)] [(null)] [ERROR] [24]  DataAccess.Repositories.UserRepository.GetConnectionsByUserId: GetConnectionsByUserId() Fin.
2021-05-23 09:35:54 [(null)] [(null)] [ERROR] [26]  DataAccess.Repositories.UserRepository.GetConnectionsByUserId: GetConnectionsByUserId() Fin.
2021-05-23 09:36:29 [(null)] [(null)] [ERROR] [21]  DataAccess.Repositories.UserRepository.GetUserByEmail: GetUserByEmail() Fin.
2021-05-23 09:36:29 [(null)] [(null)] [ERROR] [21]  DataAccess.Repositories.UserRepository.GetConnectionsByUserId: GetConnectionsByUserId() Fin.
2021-05-23 09:36:29 [(null)] [(null)] [ERROR] [22]  DataAccess.Repositories.UserRepository.GetConnectionsByUserId: GetConnectionsByUserId() Fin.
2021-05-23 09:36:29 [(null)] [(null)] [ERROR] [19]  DataAccess.Repositories.UserRepository.GetConnectionsByUserId: GetConnectionsByUserId() Fin.
2021-05-23 09:36:56 [(null)] [(null)] [ERROR] [10]  DataAccess.Repositories.UserRepository.GetConnectionsByUserId: GetConnectionsByUserId() Fin.
2021-05-23 09:37:09 [(null)] [(null)] [ERROR] [8]  DataAccess.Repositories.PaymentRepository.RegisterPayment: Register() Fin.
2021-05-23 09:37:50 [(null)] [(null)] [ERROR] [16]  DataAccess.Repositories.PaymentRepository.UpdatePayment: Ocurrieron Errores. El procedimiento o la función 'UPD_PAGOS' esperaba el parámetro '@TransaccionComercioId', que no se ha especificado.
2021-05-23 09:37:50 [(null)] [(null)] [ERROR] [16]  DataAccess.Repositories.PaymentRepository.UpdatePayment: Update() Fin.
2021-05-23 09:39:16 [(null)] [(null)] [ERROR] [29]  DataAccess.Repositories.PaymentRepository.UpdatePayment: Ocurrieron Errores. El procedimiento o la función 'UPD_PAGOS' esperaba el parámetro '@TransaccionComercioId', que no se ha especificado.
2021-05-23 09:39:16 [(null)] [(null)] [ERROR] [29]  DataAccess.Repositories.PaymentRepository.UpdatePayment: Update() Fin.
2021-05-23 09:53:04 [(null)] [(null)] [ERROR] [13]  DataAccess.Repositories.UserRepository.GetUserByEmail: GetUserByEmail() Fin.
2021-05-23 09:53:05 [(null)] [(null)] [ERROR] [13]  DataAccess.Repositories.UserRepository.GetConnectionsByUserId: GetConnectionsByUserId() Fin.
2021-05-23 09:53:07 [(null)] [(null)] [ERROR] [15]  DataAccess.Repositories.UserRepository.GetConnectionsByUserId: GetConnectionsByUserId() Fin.
2021-05-23 09:53:07 [(null)] [(null)] [ERROR] [14]  DataAccess.Repositories.UserRepository.GetConnectionsByUserId: GetConnectionsByUserId() Fin.
2021-05-23 09:53:11 [(null)] [(null)] [ERROR] [14]  DataAccess.Repositories.UserRepository.GetConnectionsByUserId: GetConnectionsByUserId() Fin.
2021-05-23 09:53:20 [(null)] [(null)] [ERROR] [14]  DataAccess.Repositories.PaymentRepository.RegisterPayment: Register() Fin.
2021-05-23 09:57:33 [(null)] [(null)] [ERROR] [18]  DataAccess.Repositories.UserRepository.GetUserByEmail: GetUserByEmail() Fin.
2021-05-23 09:57:33 [(null)] [(null)] [ERROR] [18]  DataAccess.Repositories.UserRepository.GetConnectionsByUserId: GetConnectionsByUserId() Fin.
2021-05-23 09:57:34 [(null)] [(null)] [ERROR] [17]  DataAccess.Repositories.UserRepository.GetConnectionsByUserId: GetConnectionsByUserId() Fin.
2021-05-23 09:57:34 [(null)] [(null)] [ERROR] [18]  DataAccess.Repositories.UserRepository.GetConnectionsByUserId: GetConnectionsByUserId() Fin.
2021-05-23 09:57:37 [(null)] [(null)] [ERROR] [19]  DataAccess.Repositories.UserRepository.GetConnectionsByUserId: GetConnectionsByUserId() Fin.
2021-05-23 09:57:52 [(null)] [(null)] [ERROR] [17]  DataAccess.Repositories.PaymentRepository.RegisterPayment: Register() Fin.
2021-05-26 18:44:10 [(null)] [(null)] [ERROR] [15]  DataAccess.Repositories.UserRepository.GetUserByEmail: Ocurrieron Errores. A network-related or instance-specific error occurred while establishing a connection to SQL Server. The server was not found or was not accessible. Verify that the instance name is correct and that SQL Server is configured to allow remote connections. (provider: Named Pipes Provider, error: 40 - Could not open a connection to SQL Server)
2021-05-26 18:44:11 [(null)] [(null)] [ERROR] [15]  DataAccess.Repositories.UserRepository.GetUserByEmail: GetUserByEmail() Fin.
2021-05-26 18:49:05 [(null)] [(null)] [ERROR] [18]  DataAccess.Repositories.UserRepository.GetUserByEmail: GetUserByEmail() Fin.
2021-05-26 18:49:05 [(null)] [(null)] [ERROR] [18]  DataAccess.Repositories.UserRepository.GetConnectionsByUserId: GetConnectionsByUserId() Fin.
2021-05-26 18:49:08 [(null)] [(null)] [ERROR] [21]  DataAccess.Repositories.UserRepository.GetConnectionsByUserId: GetConnectionsByUserId() Fin.
2021-05-26 18:49:09 [(null)] [(null)] [ERROR] [21]  DataAccess.Repositories.UserRepository.GetConnectionsByUserId: GetConnectionsByUserId() Fin.
2021-05-26 18:49:20 [(null)] [(null)] [ERROR] [19]  DataAccess.Repositories.UserRepository.GetConnectionsByUserId: GetConnectionsByUserId() Fin.
2021-05-26 18:49:21 [(null)] [(null)] [ERROR] [18]  DataAccess.Repositories.PaymentRepository.RegisterPayment: Register() Fin.
2021-05-26 18:52:04 [(null)] [(null)] [ERROR] [17]  DataAccess.Repositories.UserRepository.GetUserByEmail: GetUserByEmail() Fin.
2021-05-26 18:52:04 [(null)] [(null)] [ERROR] [17]  DataAccess.Repositories.UserRepository.GetConnectionsByUserId: GetConnectionsByUserId() Fin.
2021-05-26 18:52:09 [(null)] [(null)] [ERROR] [6]  DataAccess.Repositories.UserRepository.GetConnectionsByUserId: GetConnectionsByUserId() Fin.
2021-05-26 18:52:10 [(null)] [(null)] [ERROR] [5]  DataAccess.Repositories.UserRepository.GetConnectionsByUserId: GetConnectionsByUserId() Fin.
2021-05-26 18:52:27 [(null)] [(null)] [ERROR] [6]  DataAccess.Repositories.UserRepository.GetConnectionsByUserId: GetConnectionsByUserId() Fin.
2021-05-26 18:52:28 [(null)] [(null)] [ERROR] [4]  DataAccess.Repositories.PaymentRepository.RegisterPayment: Register() Fin.
2021-05-26 18:52:49 [(null)] [(null)] [ERROR] [5]  DataAccess.Repositories.PaymentRepository.UpdatePayment: Ocurrieron Errores. El procedimiento o la función 'UPD_PAGOS' esperaba el parámetro '@TransaccionComercioId', que no se ha especificado.
2021-05-26 18:52:49 [(null)] [(null)] [ERROR] [5]  DataAccess.Repositories.PaymentRepository.UpdatePayment: Update() Fin.
2021-05-26 19:05:19 [(null)] [(null)] [ERROR] [10]  DataAccess.Repositories.UserRepository.GetUserByEmail: GetUserByEmail() Fin.
2021-05-26 19:05:20 [(null)] [(null)] [ERROR] [10]  DataAccess.Repositories.UserRepository.GetConnectionsByUserId: GetConnectionsByUserId() Fin.
2021-05-26 19:05:27 [(null)] [(null)] [ERROR] [10]  DataAccess.Repositories.UserRepository.GetConnectionsByUserId: GetConnectionsByUserId() Fin.
2021-05-26 19:05:28 [(null)] [(null)] [ERROR] [13]  DataAccess.Repositories.UserRepository.GetConnectionsByUserId: GetConnectionsByUserId() Fin.
2021-05-26 19:05:33 [(null)] [(null)] [ERROR] [13]  DataAccess.Repositories.UserRepository.GetConnectionsByUserId: GetConnectionsByUserId() Fin.
2021-05-26 19:05:35 [(null)] [(null)] [ERROR] [14]  DataAccess.Repositories.PaymentRepository.RegisterPayment: Register() Fin.
2021-05-26 19:06:01 [(null)] [(null)] [ERROR] [12]  DataAccess.Repositories.PaymentRepository.UpdatePayment: Ocurrieron Errores. El procedimiento o la función 'UPD_PAGOS' esperaba el parámetro '@TransaccionComercioId', que no se ha especificado.
2021-05-26 19:06:01 [(null)] [(null)] [ERROR] [12]  DataAccess.Repositories.PaymentRepository.UpdatePayment: Update() Fin.
2021-05-26 19:58:10 [(null)] [(null)] [ERROR] [4]  DataAccess.Repositories.UserRepository.GetUserByEmail: GetUserByEmail() Fin.
2021-05-26 19:58:10 [(null)] [(null)] [ERROR] [10]  DataAccess.Repositories.UserRepository.GetUserByEmail: GetUserByEmail() Fin.
2021-05-26 19:58:10 [(null)] [(null)] [ERROR] [4]  DataAccess.Repositories.UserRepository.GetConnectionsByUserId: GetConnectionsByUserId() Fin.
2021-05-26 19:58:10 [(null)] [(null)] [ERROR] [10]  DataAccess.Repositories.UserRepository.GetConnectionsByUserId: GetConnectionsByUserId() Fin.
2021-05-26 19:58:16 [(null)] [(null)] [ERROR] [4]  DataAccess.Repositories.UserRepository.GetConnectionsByUserId: GetConnectionsByUserId() Fin.
2021-05-26 19:58:17 [(null)] [(null)] [ERROR] [10]  DataAccess.Repositories.UserRepository.GetConnectionsByUserId: GetConnectionsByUserId() Fin.
2021-05-26 19:58:23 [(null)] [(null)] [ERROR] [4]  DataAccess.Repositories.UserRepository.GetConnectionsByUserId: GetConnectionsByUserId() Fin.
2021-05-26 19:58:24 [(null)] [(null)] [ERROR] [10]  DataAccess.Repositories.PaymentRepository.RegisterPayment: Register() Fin.
2021-05-26 19:58:47 [(null)] [(null)] [ERROR] [4]  DataAccess.Repositories.PaymentRepository.UpdatePayment: Ocurrieron Errores. El procedimiento o la función 'UPD_PAGOS' esperaba el parámetro '@TransaccionComercioId', que no se ha especificado.
2021-05-26 19:58:47 [(null)] [(null)] [ERROR] [4]  DataAccess.Repositories.PaymentRepository.UpdatePayment: Update() Fin.
2021-05-26 20:05:46 [(null)] [(null)] [ERROR] [14]  DataAccess.Repositories.UserRepository.GetUserByEmail: GetUserByEmail() Fin.
2021-05-26 20:05:47 [(null)] [(null)] [ERROR] [14]  DataAccess.Repositories.UserRepository.GetConnectionsByUserId: GetConnectionsByUserId() Fin.
2021-05-26 20:05:52 [(null)] [(null)] [ERROR] [15]  DataAccess.Repositories.UserRepository.GetConnectionsByUserId: GetConnectionsByUserId() Fin.
2021-05-26 20:05:53 [(null)] [(null)] [ERROR] [14]  DataAccess.Repositories.UserRepository.GetConnectionsByUserId: GetConnectionsByUserId() Fin.
2021-05-26 20:06:17 [(null)] [(null)] [ERROR] [6]  DataAccess.Repositories.UserRepository.GetConnectionsByUserId: GetConnectionsByUserId() Fin.
2021-05-26 20:06:18 [(null)] [(null)] [ERROR] [6]  DataAccess.Repositories.PaymentRepository.RegisterPayment: Register() Fin.
2021-05-26 20:07:51 [(null)] [(null)] [ERROR] [4]  DataAccess.Repositories.PaymentRepository.UpdatePayment: Update() Fin.
2021-05-26 20:10:40 [(null)] [(null)] [ERROR] [20]  DataAccess.Repositories.UserRepository.GetUserByEmail: GetUserByEmail() Fin.
2021-05-26 20:10:40 [(null)] [(null)] [ERROR] [20]  DataAccess.Repositories.UserRepository.GetConnectionsByUserId: GetConnectionsByUserId() Fin.
2021-05-26 20:10:45 [(null)] [(null)] [ERROR] [21]  DataAccess.Repositories.UserRepository.GetConnectionsByUserId: GetConnectionsByUserId() Fin.
2021-05-26 20:10:45 [(null)] [(null)] [ERROR] [21]  DataAccess.Repositories.UserRepository.GetConnectionsByUserId: GetConnectionsByUserId() Fin.
2021-05-26 20:10:53 [(null)] [(null)] [ERROR] [21]  DataAccess.Repositories.UserRepository.GetConnectionsByUserId: GetConnectionsByUserId() Fin.
2021-05-26 20:10:54 [(null)] [(null)] [ERROR] [22]  DataAccess.Repositories.PaymentRepository.RegisterPayment: Register() Fin.
2021-05-26 20:12:01 [(null)] [(null)] [ERROR] [26]  DataAccess.Repositories.PaymentRepository.UpdatePayment: Update() Fin.
2021-05-26 20:18:55 [(null)] [(null)] [ERROR] [32]  DataAccess.Repositories.PaymentRepository.UpdatePaymentMP: Update() Fin.
2021-05-26 20:19:27 [(null)] [(null)] [ERROR] [32]  DataAccess.Repositories.UserRepository.GetUserByEmail: GetUserByEmail() Fin.
2021-05-26 20:19:27 [(null)] [(null)] [ERROR] [32]  DataAccess.Repositories.UserRepository.GetConnectionsByUserId: GetConnectionsByUserId() Fin.
2021-05-26 20:19:32 [(null)] [(null)] [ERROR] [36]  DataAccess.Repositories.UserRepository.GetConnectionsByUserId: GetConnectionsByUserId() Fin.
2021-05-26 20:19:32 [(null)] [(null)] [ERROR] [36]  DataAccess.Repositories.UserRepository.GetConnectionsByUserId: GetConnectionsByUserId() Fin.
2021-05-26 20:20:07 [(null)] [(null)] [ERROR] [30]  DataAccess.Repositories.UserRepository.GetConnectionsByUserId: GetConnectionsByUserId() Fin.
2021-05-26 20:20:08 [(null)] [(null)] [ERROR] [29]  DataAccess.Repositories.PaymentRepository.RegisterPayment: Register() Fin.
2021-05-26 20:20:25 [(null)] [(null)] [ERROR] [31]  DataAccess.Repositories.PaymentRepository.UpdatePayment: Update() Fin.
2021-05-26 20:22:35 [(null)] [(null)] [ERROR] [28]  DataAccess.Repositories.PaymentRepository.UpdatePaymentMP: Update() Fin.
2021-05-26 20:22:39 [(null)] [(null)] [ERROR] [28]  DataAccess.Repositories.PaymentRepository.UpdatePaymentMP: Update() Fin.
2021-05-26 20:23:01 [(null)] [(null)] [ERROR] [26]  DataAccess.Repositories.PaymentRepository.UpdatePaymentMP: Update() Fin.
2021-05-26 20:24:04 [(null)] [(null)] [ERROR] [24]  DataAccess.Repositories.UserRepository.GetUserByEmail: GetUserByEmail() Fin.
2021-05-26 20:24:04 [(null)] [(null)] [ERROR] [24]  DataAccess.Repositories.UserRepository.GetConnectionsByUserId: GetConnectionsByUserId() Fin.
2021-05-26 20:24:09 [(null)] [(null)] [ERROR] [20]  DataAccess.Repositories.UserRepository.GetConnectionsByUserId: GetConnectionsByUserId() Fin.
2021-05-26 20:24:10 [(null)] [(null)] [ERROR] [21]  DataAccess.Repositories.UserRepository.GetConnectionsByUserId: GetConnectionsByUserId() Fin.
2021-05-26 20:24:14 [(null)] [(null)] [ERROR] [21]  DataAccess.Repositories.UserRepository.GetConnectionsByUserId: GetConnectionsByUserId() Fin.
2021-05-26 20:24:15 [(null)] [(null)] [ERROR] [20]  DataAccess.Repositories.PaymentRepository.RegisterPayment: Register() Fin.
2021-05-26 20:24:17 [(null)] [(null)] [ERROR] [23]  DataAccess.Repositories.PaymentRepository.UpdatePayment: Update() Fin.
2021-05-26 20:25:19 [(null)] [(null)] [ERROR] [17]  DataAccess.Repositories.PaymentRepository.UpdatePaymentMP: Update() Fin.
2021-06-06 08:53:19 [(null)] [(null)] [ERROR] [13]  DataAccess.Repositories.UserRepository.GetUserByEmail: GetUserByEmail() Fin.
2021-06-06 08:53:19 [(null)] [(null)] [ERROR] [13]  DataAccess.Repositories.UserRepository.GetConnectionsByUserId: GetConnectionsByUserId() Fin.
2021-06-06 08:53:22 [(null)] [(null)] [ERROR] [15]  DataAccess.Repositories.UserRepository.GetConnectionsByUserId: GetConnectionsByUserId() Fin.
2021-06-06 08:53:23 [(null)] [(null)] [ERROR] [14]  DataAccess.Repositories.UserRepository.GetConnectionsByUserId: GetConnectionsByUserId() Fin.
2021-06-06 08:53:36 [(null)] [(null)] [ERROR] [15]  DataAccess.Repositories.UserRepository.GetConnectionsByUserId: GetConnectionsByUserId() Fin.
2021-06-06 08:55:02 [(null)] [(null)] [ERROR] [18]  DataAccess.Repositories.UserRepository.GetConnectionsByUserId: GetConnectionsByUserId() Fin.
2021-06-06 09:00:01 [(null)] [(null)] [ERROR] [14]  DataAccess.Repositories.UserRepository.GetUserByEmail: GetUserByEmail() Fin.
2021-06-06 09:00:01 [(null)] [(null)] [ERROR] [14]  DataAccess.Repositories.UserRepository.GetConnectionsByUserId: GetConnectionsByUserId() Fin.
2021-06-06 09:00:03 [(null)] [(null)] [ERROR] [14]  DataAccess.Repositories.UserRepository.GetConnectionsByUserId: GetConnectionsByUserId() Fin.
2021-06-06 09:00:04 [(null)] [(null)] [ERROR] [8]  DataAccess.Repositories.UserRepository.GetConnectionsByUserId: GetConnectionsByUserId() Fin.
2021-06-06 09:00:12 [(null)] [(null)] [ERROR] [14]  DataAccess.Repositories.UserRepository.GetConnectionsByUserId: GetConnectionsByUserId() Fin.
2021-06-06 09:00:28 [(null)] [(null)] [ERROR] [15]  DataAccess.Repositories.PaymentRepository.GetPago: GetPago() Fin.
2021-06-06 09:02:17 [(null)] [(null)] [ERROR] [17]  DataAccess.Repositories.UserRepository.GetUserByEmail: GetUserByEmail() Fin.
2021-06-06 09:02:17 [(null)] [(null)] [ERROR] [17]  DataAccess.Repositories.UserRepository.GetConnectionsByUserId: GetConnectionsByUserId() Fin.
2021-06-06 09:02:22 [(null)] [(null)] [ERROR] [17]  DataAccess.Repositories.UserRepository.GetConnectionsByUserId: GetConnectionsByUserId() Fin.
2021-06-06 09:02:23 [(null)] [(null)] [ERROR] [19]  DataAccess.Repositories.UserRepository.GetConnectionsByUserId: GetConnectionsByUserId() Fin.
2021-06-06 09:02:26 [(null)] [(null)] [ERROR] [17]  DataAccess.Repositories.UserRepository.GetConnectionsByUserId: GetConnectionsByUserId() Fin.
2021-06-06 09:03:11 [(null)] [(null)] [ERROR] [18]  DataAccess.Repositories.PaymentRepository.GetPago: GetPago() Fin.
2021-06-06 09:07:19 [(null)] [(null)] [ERROR] [17]  DataAccess.Repositories.UserRepository.GetUserByEmail: GetUserByEmail() Fin.
2021-06-06 09:07:19 [(null)] [(null)] [ERROR] [17]  DataAccess.Repositories.UserRepository.GetConnectionsByUserId: GetConnectionsByUserId() Fin.
2021-06-06 09:07:26 [(null)] [(null)] [ERROR] [16]  DataAccess.Repositories.UserRepository.GetConnectionsByUserId: GetConnectionsByUserId() Fin.
2021-06-06 09:07:26 [(null)] [(null)] [ERROR] [16]  DataAccess.Repositories.UserRepository.GetConnectionsByUserId: GetConnectionsByUserId() Fin.
2021-06-06 09:07:33 [(null)] [(null)] [ERROR] [17]  DataAccess.Repositories.UserRepository.GetConnectionsByUserId: GetConnectionsByUserId() Fin.
2021-06-06 09:07:58 [(null)] [(null)] [ERROR] [17]  DataAccess.Repositories.PaymentRepository.GetPago: GetPago() Fin.
2021-06-06 09:18:14 [(null)] [(null)] [ERROR] [16]  DataAccess.Repositories.UserRepository.GetUserByEmail: GetUserByEmail() Fin.
2021-06-06 09:18:14 [(null)] [(null)] [ERROR] [16]  DataAccess.Repositories.UserRepository.GetConnectionsByUserId: GetConnectionsByUserId() Fin.
2021-06-06 09:18:22 [(null)] [(null)] [ERROR] [17]  DataAccess.Repositories.UserRepository.GetConnectionsByUserId: GetConnectionsByUserId() Fin.
2021-06-06 09:18:22 [(null)] [(null)] [ERROR] [9]  DataAccess.Repositories.UserRepository.GetConnectionsByUserId: GetConnectionsByUserId() Fin.
2021-06-06 09:18:56 [(null)] [(null)] [ERROR] [10]  DataAccess.Repositories.UserRepository.GetConnectionsByUserId: GetConnectionsByUserId() Fin.
2021-06-06 10:03:16 [(null)] [(null)] [ERROR] [16]  DataAccess.Repositories.UserRepository.GetUserByEmail: Ocurrieron Errores. A network-related or instance-specific error occurred while establishing a connection to SQL Server. The server was not found or was not accessible. Verify that the instance name is correct and that SQL Server is configured to allow remote connections. (provider: Named Pipes Provider, error: 40 - Could not open a connection to SQL Server)
2021-06-06 10:03:16 [(null)] [(null)] [ERROR] [16]  DataAccess.Repositories.UserRepository.GetUserByEmail: GetUserByEmail() Fin.
2021-06-06 10:03:17 [(null)] [(null)] [ERROR] [18]  DataAccess.Repositories.UserRepository.GetUserByEmail: Ocurrieron Errores. A network-related or instance-specific error occurred while establishing a connection to SQL Server. The server was not found or was not accessible. Verify that the instance name is correct and that SQL Server is configured to allow remote connections. (provider: Named Pipes Provider, error: 40 - Could not open a connection to SQL Server)
2021-06-06 10:03:17 [(null)] [(null)] [ERROR] [18]  DataAccess.Repositories.UserRepository.GetUserByEmail: GetUserByEmail() Fin.
2021-06-06 10:03:48 [(null)] [(null)] [ERROR] [14]  DataAccess.Repositories.UserRepository.GetUserByEmail: GetUserByEmail() Fin.
2021-06-06 10:03:48 [(null)] [(null)] [ERROR] [14]  DataAccess.Repositories.UserRepository.GetConnectionsByUserId: GetConnectionsByUserId() Fin.
2021-06-06 10:03:51 [(null)] [(null)] [ERROR] [9]  DataAccess.Repositories.UserRepository.GetConnectionsByUserId: GetConnectionsByUserId() Fin.
2021-06-06 10:03:51 [(null)] [(null)] [ERROR] [15]  DataAccess.Repositories.UserRepository.GetConnectionsByUserId: GetConnectionsByUserId() Fin.
2021-06-06 10:03:54 [(null)] [(null)] [ERROR] [15]  DataAccess.Repositories.UserRepository.GetConnectionsByUserId: GetConnectionsByUserId() Fin.
2021-06-06 10:04:04 [(null)] [(null)] [ERROR] [13]  DataAccess.Repositories.PaymentRepository.GetPago: GetPago() Fin.
2021-06-06 10:06:11 [(null)] [(null)] [ERROR] [16]  DataAccess.Repositories.UserRepository.GetUserByEmail: GetUserByEmail() Fin.
2021-06-06 10:06:11 [(null)] [(null)] [ERROR] [16]  DataAccess.Repositories.UserRepository.GetConnectionsByUserId: GetConnectionsByUserId() Fin.
2021-06-06 10:06:15 [(null)] [(null)] [ERROR] [15]  DataAccess.Repositories.UserRepository.GetConnectionsByUserId: GetConnectionsByUserId() Fin.
2021-06-06 10:06:15 [(null)] [(null)] [ERROR] [7]  DataAccess.Repositories.UserRepository.GetConnectionsByUserId: GetConnectionsByUserId() Fin.
2021-06-06 10:06:18 [(null)] [(null)] [ERROR] [16]  DataAccess.Repositories.UserRepository.GetConnectionsByUserId: GetConnectionsByUserId() Fin.
2021-06-06 10:19:11 [(null)] [(null)] [ERROR] [15]  DataAccess.Repositories.UserRepository.GetUserByEmail: GetUserByEmail() Fin.
2021-06-06 10:19:11 [(null)] [(null)] [ERROR] [15]  DataAccess.Repositories.UserRepository.GetConnectionsByUserId: GetConnectionsByUserId() Fin.
2021-06-06 10:19:15 [(null)] [(null)] [ERROR] [16]  DataAccess.Repositories.UserRepository.GetConnectionsByUserId: GetConnectionsByUserId() Fin.
2021-06-06 10:19:17 [(null)] [(null)] [ERROR] [14]  DataAccess.Repositories.UserRepository.GetConnectionsByUserId: GetConnectionsByUserId() Fin.
2021-06-06 10:19:44 [(null)] [(null)] [ERROR] [9]  DataAccess.Repositories.UserRepository.GetConnectionsByUserId: GetConnectionsByUserId() Fin.
2021-06-06 10:20:01 [(null)] [(null)] [ERROR] [4]  DataAccess.Repositories.PaymentRepository.GetPago: GetPago() Fin.
2021-06-06 10:21:56 [(null)] [(null)] [ERROR] [14]  DataAccess.Repositories.UserRepository.GetUserByEmail: GetUserByEmail() Fin.
2021-06-06 10:21:56 [(null)] [(null)] [ERROR] [14]  DataAccess.Repositories.UserRepository.GetConnectionsByUserId: GetConnectionsByUserId() Fin.
2021-06-06 10:21:56 [(null)] [(null)] [ERROR] [7]  DataAccess.Repositories.UserRepository.GetConnectionsByUserId: GetConnectionsByUserId() Fin.
2021-06-06 10:21:57 [(null)] [(null)] [ERROR] [15]  DataAccess.Repositories.UserRepository.GetConnectionsByUserId: GetConnectionsByUserId() Fin.
2021-06-06 10:22:00 [(null)] [(null)] [ERROR] [14]  DataAccess.Repositories.UserRepository.GetConnectionsByUserId: GetConnectionsByUserId() Fin.
2021-06-06 10:23:29 [(null)] [(null)] [ERROR] [14]  DataAccess.Repositories.PaymentRepository.GetPago: GetPago() Fin.
2021-06-06 10:25:52 [(null)] [(null)] [ERROR] [17]  DataAccess.Repositories.UserRepository.GetUserByEmail: GetUserByEmail() Fin.
2021-06-06 10:25:53 [(null)] [(null)] [ERROR] [17]  DataAccess.Repositories.UserRepository.GetConnectionsByUserId: GetConnectionsByUserId() Fin.
2021-06-06 10:25:53 [(null)] [(null)] [ERROR] [18]  DataAccess.Repositories.UserRepository.GetConnectionsByUserId: GetConnectionsByUserId() Fin.
2021-06-06 10:25:54 [(null)] [(null)] [ERROR] [16]  DataAccess.Repositories.UserRepository.GetConnectionsByUserId: GetConnectionsByUserId() Fin.
2021-06-06 10:25:58 [(null)] [(null)] [ERROR] [18]  DataAccess.Repositories.UserRepository.GetConnectionsByUserId: GetConnectionsByUserId() Fin.
2021-06-06 10:28:26 [(null)] [(null)] [ERROR] [17]  DataAccess.Repositories.PaymentRepository.GetPago: GetPago() Fin.
2021-06-06 10:29:08 [(null)] [(null)] [ERROR] [22]  DataAccess.Repositories.UserRepository.GetUserByEmail: GetUserByEmail() Fin.
2021-06-06 10:29:08 [(null)] [(null)] [ERROR] [22]  DataAccess.Repositories.UserRepository.GetConnectionsByUserId: GetConnectionsByUserId() Fin.
2021-06-06 10:29:09 [(null)] [(null)] [ERROR] [23]  DataAccess.Repositories.UserRepository.GetConnectionsByUserId: GetConnectionsByUserId() Fin.
2021-06-06 10:29:09 [(null)] [(null)] [ERROR] [22]  DataAccess.Repositories.UserRepository.GetConnectionsByUserId: GetConnectionsByUserId() Fin.
2021-06-06 10:29:12 [(null)] [(null)] [ERROR] [23]  DataAccess.Repositories.UserRepository.GetConnectionsByUserId: GetConnectionsByUserId() Fin.
2021-06-19 08:28:10 [(null)] [(null)] [ERROR] [6]  DataAccess.Repositories.PaymentRepository.RegisterPayment: Ocurrieron Errores. The connection was not closed. The connection's current state is open.
2021-06-19 08:28:10 [(null)] [(null)] [ERROR] [6]  DataAccess.Repositories.PaymentRepository.RegisterPayment: Register() Fin.
2021-06-19 08:32:18 [(null)] [(null)] [ERROR] [7]  DataAccess.Repositories.PaymentRepository.RegisterPayment: Ocurrieron Errores. SqlConnection does not support parallel transactions.
2021-06-19 08:32:18 [(null)] [(null)] [ERROR] [7]  DataAccess.Repositories.PaymentRepository.RegisterPayment: Register() Fin.
2021-06-19 08:34:15 [(null)] [(null)] [ERROR] [13]  DataAccess.Repositories.PaymentRepository.RegisterPayment: Ocurrieron Errores. The connection was not closed. The connection's current state is open.
2021-06-19 08:34:15 [(null)] [(null)] [ERROR] [13]  DataAccess.Repositories.PaymentRepository.RegisterPayment: Register() Fin.
2021-06-19 09:37:36 [(null)] [(null)] [ERROR] [7]  DataAccess.Repositories.PaymentRepository.RegisterPayment: Ocurrieron Errores. The SqlParameter is already contained by another SqlParameterCollection.
2021-06-19 10:12:41 [(null)] [(null)] [ERROR] [12]  DataAccess.Repositories.PaymentRepository.RegisterPayment: Ocurrieron Errores. El procedimiento o la función 'INS_PAGOSDETALLE' esperaba el parámetro '@importeFactura', que no se ha especificado.
2021-06-19 10:21:30 [(null)] [(null)] [ERROR] [6]  DataAccess.Repositories.PaymentRepository.RegisterPayment: Register() Fin.
2021-06-19 10:25:17 [(null)] [(null)] [ERROR] [23]  DataAccess.Repositories.PaymentRepository.RegisterPayment: Ocurrieron Errores. The SqlParameter is already contained by another SqlParameterCollection.
2021-06-19 10:39:17 [(null)] [(null)] [ERROR] [14]  DataAccess.Repositories.PaymentRepository.RegisterPayment: Register() Fin.
2021-06-26 08:44:34 [(null)] [(null)] [ERROR] [10]  DataAccess.Repositories.PaymentRepository.RegisterPayment: Register() Fin.
2021-06-26 09:39:40 [(null)] [(null)] [ERROR] [7]  DataAccess.Repositories.PaymentRepository.GetPago: GetPago() Fin.
2021-06-26 09:41:00 [(null)] [(null)] [ERROR] [7]  BLLTrylogycWebsite.Models.BLLPago.GetPago: Ocurrieron errores al intentar consultar pagos para el socio 6. Cannot find table 0.
2021-06-26 09:41:21 [(null)] [(null)] [ERROR] [7]  DataAccess.Repositories.PaymentRepository.GetPago: GetPago() Fin.
2021-06-26 10:46:03 [(null)] [(null)] [ERROR] [6]  DataAccess.Repositories.PaymentRepository.GetPago: Ocurrieron Errores. Timeout expired.  The timeout period elapsed prior to obtaining a connection from the pool.  This may have occurred because all pooled connections were in use and max pool size was reached.
2021-06-26 10:46:03 [(null)] [(null)] [ERROR] [6]  DataAccess.Repositories.PaymentRepository.GetPago: GetPago() Fin.
2021-06-27 07:11:07 [(null)] [(null)] [ERROR] [13]  DataAccess.Repositories.PaymentRepository.RegisterPayment: Register() Fin.
2021-06-27 07:12:43 [(null)] [(null)] [ERROR] [10]  DataAccess.Repositories.PaymentRepository.GetPago: GetPago() Fin.
2021-06-27 07:16:18 [(null)] [(null)] [ERROR] [10]  BLLTrylogycWebsite.Models.BLLPago.GetPago: Ocurrieron errores al intentar consultar pagos para el socio 6. Cannot find table 0.
2021-06-27 07:29:37 [(null)] [(null)] [ERROR] [14]  DataAccess.Repositories.PaymentRepository.GetPago: GetPago() Fin.
2021-06-27 07:52:09 [(null)] [(null)] [ERROR] [13]  DataAccess.Repositories.PaymentRepository.RegisterPayment: Register() Fin.
2021-06-27 07:56:50 [(null)] [(null)] [ERROR] [14]  DataAccess.Repositories.PaymentRepository.GetPago: GetPago() Fin.
2021-06-27 07:57:16 [(null)] [(null)] [ERROR] [10]  DataAccess.Repositories.PaymentRepository.GetPago: GetPago() Fin.
2021-06-27 07:58:12 [(null)] [(null)] [ERROR] [5]  DataAccess.Repositories.PaymentRepository.GetPago: GetPago() Fin.
2021-06-27 08:38:29 [(null)] [(null)] [ERROR] [5]  DataAccess.Repositories.UserRepository.GetUserByEmail: GetUserByEmail() Fin.
2021-06-27 08:38:29 [(null)] [(null)] [ERROR] [5]  DataAccess.Repositories.UserRepository.GetConnectionsByUserId: GetConnectionsByUserId() Fin.
2021-06-27 08:38:30 [(null)] [(null)] [ERROR] [10]  DataAccess.Repositories.UserRepository.GetConnectionsByUserId: GetConnectionsByUserId() Fin.
2021-06-27 08:38:31 [(null)] [(null)] [ERROR] [9]  DataAccess.Repositories.UserRepository.GetConnectionsByUserId: GetConnectionsByUserId() Fin.
2021-06-27 08:38:37 [(null)] [(null)] [ERROR] [10]  DataAccess.Repositories.UserRepository.GetConnectionsByUserId: GetConnectionsByUserId() Fin.
2021-06-27 08:39:03 [(null)] [(null)] [ERROR] [10]  DataAccess.Repositories.PaymentRepository.GetPago: GetPago() Fin.
2021-06-27 08:49:47 [(null)] [(null)] [ERROR] [21]  DataAccess.Repositories.UserRepository.GetUserByEmail: GetUserByEmail() Fin.
2021-06-27 08:49:47 [(null)] [(null)] [ERROR] [21]  DataAccess.Repositories.UserRepository.GetConnectionsByUserId: GetConnectionsByUserId() Fin.
2021-06-27 08:49:48 [(null)] [(null)] [ERROR] [22]  DataAccess.Repositories.UserRepository.GetConnectionsByUserId: GetConnectionsByUserId() Fin.
2021-06-27 08:49:48 [(null)] [(null)] [ERROR] [21]  DataAccess.Repositories.UserRepository.GetConnectionsByUserId: GetConnectionsByUserId() Fin.
2021-06-27 08:50:04 [(null)] [(null)] [ERROR] [21]  DataAccess.Repositories.UserRepository.GetConnectionsByUserId: GetConnectionsByUserId() Fin.
2021-06-27 08:50:19 [(null)] [(null)] [ERROR] [22]  DataAccess.Repositories.PaymentRepository.GetPago: GetPago() Fin.
2021-06-27 08:56:58 [(null)] [(null)] [ERROR] [16]  DataAccess.Repositories.UserRepository.GetUserByEmail: GetUserByEmail() Fin.
2021-06-27 08:56:58 [(null)] [(null)] [ERROR] [16]  DataAccess.Repositories.UserRepository.GetConnectionsByUserId: GetConnectionsByUserId() Fin.
2021-06-27 08:56:59 [(null)] [(null)] [ERROR] [15]  DataAccess.Repositories.UserRepository.GetConnectionsByUserId: GetConnectionsByUserId() Fin.
2021-06-27 08:56:59 [(null)] [(null)] [ERROR] [16]  DataAccess.Repositories.UserRepository.GetConnectionsByUserId: GetConnectionsByUserId() Fin.
2021-06-27 08:57:07 [(null)] [(null)] [ERROR] [15]  DataAccess.Repositories.UserRepository.GetConnectionsByUserId: GetConnectionsByUserId() Fin.
2021-06-27 08:57:14 [(null)] [(null)] [ERROR] [14]  DataAccess.Repositories.PaymentRepository.GetPago: GetPago() Fin.
2021-06-27 08:57:25 [(null)] [(null)] [ERROR] [15]  DataAccess.Repositories.PaymentRepository.RegisterPayment: Register() Fin.
2021-06-27 08:57:27 [(null)] [(null)] [ERROR] [16]  DataAccess.Repositories.PaymentRepository.UpdatePayment: Update() Fin.
2021-06-27 08:58:47 [(null)] [(null)] [ERROR] [5]  DataAccess.Repositories.PaymentRepository.UpdatePaymentMP: Update() Fin.
2021-12-22 22:45:15 [(null)] [(null)] [ERROR] [5]  DataAccess.Repositories.UserRepository.GetUserByEmail: GetUserByEmail() Fin.
2021-12-22 22:45:15 [(null)] [(null)] [ERROR] [5]  DataAccess.Repositories.UserRepository.GetConnectionsByUserId: GetConnectionsByUserId() Fin.
2021-12-22 22:48:06 [(null)] [(null)] [ERROR] [4]  DataAccess.Repositories.UserRepository.GetUserByEmail: GetUserByEmail() Fin.
2021-12-22 22:48:06 [(null)] [(null)] [ERROR] [4]  DataAccess.Repositories.UserRepository.GetConnectionsByUserId: GetConnectionsByUserId() Fin.
2021-12-22 23:00:59 [(null)] [(null)] [ERROR] [5]  DataAccess.Repositories.UserRepository.GetUserByEmail: GetUserByEmail() Fin.
2021-12-22 23:00:59 [(null)] [(null)] [ERROR] [5]  DataAccess.Repositories.UserRepository.GetConnectionsByUserId: GetConnectionsByUserId() Fin.
2021-12-22 23:03:00 [(null)] [(null)] [ERROR] [5]  DataAccess.Repositories.UserRepository.GetUserByEmail: GetUserByEmail() Fin.
2021-12-22 23:03:00 [(null)] [(null)] [ERROR] [5]  DataAccess.Repositories.UserRepository.GetConnectionsByUserId: GetConnectionsByUserId() Fin.
2021-12-22 23:04:55 [(null)] [(null)] [ERROR] [7]  DataAccess.Repositories.UserRepository.GetUserByEmail: GetUserByEmail() Fin.
2021-12-22 23:04:55 [(null)] [(null)] [ERROR] [7]  DataAccess.Repositories.UserRepository.GetConnectionsByUserId: GetConnectionsByUserId() Fin.
2021-12-22 23:09:52 [(null)] [(null)] [ERROR] [13]  DataAccess.Repositories.UserRepository.GetUserByEmail: GetUserByEmail() Fin.
2021-12-22 23:09:52 [(null)] [(null)] [ERROR] [13]  DataAccess.Repositories.UserRepository.GetConnectionsByUserId: GetConnectionsByUserId() Fin.
2021-12-22 23:11:38 [(null)] [(null)] [ERROR] [13]  DataAccess.Repositories.UserRepository.GetUserByEmail: GetUserByEmail() Fin.
2021-12-22 23:11:38 [(null)] [(null)] [ERROR] [13]  DataAccess.Repositories.UserRepository.GetConnectionsByUserId: GetConnectionsByUserId() Fin.
2021-12-24 08:01:42 [(null)] [(null)] [ERROR] [9]  DataAccess.Repositories.UserRepository.GetUserByEmail: GetUserByEmail() Fin.
2021-12-24 08:01:42 [(null)] [(null)] [ERROR] [9]  DataAccess.Repositories.UserRepository.GetConnectionsByUserId: GetConnectionsByUserId() Fin.
2021-12-24 08:07:29 [(null)] [(null)] [ERROR] [4]  DataAccess.Repositories.UserRepository.GetUserByEmail: GetUserByEmail() Fin.
2021-12-24 08:08:01 [(null)] [(null)] [ERROR] [4]  DataAccess.Repositories.UserRepository.GetConnectionsByUserId: GetConnectionsByUserId() Fin.
2021-12-24 08:15:53 [(null)] [(null)] [ERROR] [10]  DataAccess.Repositories.UserRepository.GetUserByEmail: GetUserByEmail() Fin.
2021-12-24 08:15:54 [(null)] [(null)] [ERROR] [10]  DataAccess.Repositories.UserRepository.GetConnectionsByUserId: GetConnectionsByUserId() Fin.
2021-12-24 08:25:31 [(null)] [(null)] [ERROR] [5]  DataAccess.Repositories.UserRepository.GetUserByEmail: GetUserByEmail() Fin.
2021-12-24 08:25:33 [(null)] [(null)] [ERROR] [5]  DataAccess.Repositories.UserRepository.GetConnectionsByUserId: GetConnectionsByUserId() Fin.
