2021-06-13 08:36:28 [(null)] [(null)] [ERROR] [6]  DataAccess.Repositories.PaymentRepository.RegisterPayment: Ocurrieron Errores. A network-related or instance-specific error occurred while establishing a connection to SQL Server. The server was not found or was not accessible. Verify that the instance name is correct and that SQL Server is configured to allow remote connections. (provider: Named Pipes Provider, error: 40 - Could not open a connection to SQL Server)
2021-06-13 08:36:28 [(null)] [(null)] [ERROR] [6]  DataAccess.Repositories.PaymentRepository.RegisterPayment: Register() Fin.
2021-12-22 22:41:13 [(null)] [(null)] [ERROR] [4]  DataAccess.Repositories.UserRepository.GetUserByEmail: GetUserByEmail() Fin.
2021-12-22 22:41:13 [(null)] [(null)] [ERROR] [4]  DataAccess.Repositories.UserRepository.GetConnectionsByUserId: GetConnectionsByUserId() Fin.
2021-12-22 22:43:30 [(null)] [(null)] [ERROR] [4]  DataAccess.Repositories.UserRepository.GetUserByEmail: GetUserByEmail() Fin.
2021-12-22 22:43:30 [(null)] [(null)] [ERROR] [4]  DataAccess.Repositories.UserRepository.GetConnectionsByUserId: GetConnectionsByUserId() Fin.
2021-12-24 08:45:13 [(null)] [(null)] [ERROR] [4]  DataAccess.Repositories.UserRepository.GetUserByEmail: GetUserByEmail() Fin.
2021-12-24 08:45:13 [(null)] [(null)] [ERROR] [4]  DataAccess.Repositories.UserRepository.GetConnectionsByUserId: GetConnectionsByUserId() Fin.
2021-12-24 09:45:52 [(null)] [(null)] [ERROR] [7]  DataAccess.Repositories.UserRepository.GetUserByEmail: GetUserByEmail() Fin.
2021-12-24 09:45:52 [(null)] [(null)] [ERROR] [7]  DataAccess.Repositories.UserRepository.GetConnectionsByUserId: GetConnectionsByUserId() Fin.
2021-12-24 09:46:30 [(null)] [(null)] [ERROR] [9]  DataAccess.Repositories.UserRepository.GetUserByEmail: GetUserByEmail() Fin.
2021-12-24 09:46:30 [(null)] [(null)] [ERROR] [9]  DataAccess.Repositories.UserRepository.GetConnectionsByUserId: GetConnectionsByUserId() Fin.
2021-12-24 09:47:19 [(null)] [(null)] [ERROR] [20]  DataAccess.Repositories.UserRepository.GetConnectionsByUserId: GetConnectionsByUserId() Fin.
2021-12-24 09:47:19 [(null)] [(null)] [ERROR] [20]  DataAccess.Repositories.UserRepository.GetConnectionsByUserId: GetConnectionsByUserId() Fin.
2021-12-24 09:47:22 [(null)] [(null)] [ERROR] [20]  DataAccess.Repositories.UserRepository.GetConnectionsByUserId: GetConnectionsByUserId() Fin.
2021-12-24 09:47:22 [(null)] [(null)] [ERROR] [18]  DataAccess.Repositories.UserRepository.GetConnectionsByUserId: GetConnectionsByUserId() Fin.
2021-12-24 09:51:15 [(null)] [(null)] [ERROR] [24]  DataAccess.Repositories.UserRepository.GetUserByEmail: GetUserByEmail() Fin.
2021-12-24 09:51:15 [(null)] [(null)] [ERROR] [24]  DataAccess.Repositories.UserRepository.GetConnectionsByUserId: GetConnectionsByUserId() Fin.
2021-12-24 09:58:25 [(null)] [(null)] [ERROR] [34]  DataAccess.Repositories.UserRepository.GetConnectionsByUserId: GetConnectionsByUserId() Fin.
2021-12-24 09:58:25 [(null)] [(null)] [ERROR] [33]  DataAccess.Repositories.UserRepository.GetConnectionsByUserId: GetConnectionsByUserId() Fin.
2021-12-24 10:23:09 [(null)] [(null)] [ERROR] [27]  DataAccess.Repositories.UserRepository.GetUserByEmail: GetUserByEmail() Fin.
2021-12-24 10:23:09 [(null)] [(null)] [ERROR] [27]  DataAccess.Repositories.UserRepository.GetConnectionsByUserId: GetConnectionsByUserId() Fin.
2021-12-24 10:23:11 [(null)] [(null)] [ERROR] [28]  DataAccess.Repositories.UserRepository.GetConnectionsByUserId: GetConnectionsByUserId() Fin.
2021-12-24 10:23:11 [(null)] [(null)] [ERROR] [29]  DataAccess.Repositories.UserRepository.GetConnectionsByUserId: GetConnectionsByUserId() Fin.
2021-12-24 10:23:17 [(null)] [(null)] [ERROR] [28]  DataAccess.Repositories.UserRepository.GetConnectionsByUserId: GetConnectionsByUserId() Fin.
2021-12-24 10:23:21 [(null)] [(null)] [ERROR] [27]  DataAccess.Repositories.UserRepository.GetConnectionsByUserId: GetConnectionsByUserId() Fin.
2021-12-24 10:23:24 [(null)] [(null)] [ERROR] [27]  DataAccess.Repositories.UserRepository.GetConnectionsByUserId: GetConnectionsByUserId() Fin.
2021-12-24 10:37:43 [(null)] [(null)] [ERROR] [16]  DataAccess.Repositories.UserRepository.GetUserByEmail: GetUserByEmail() Fin.
2021-12-24 10:37:43 [(null)] [(null)] [ERROR] [16]  DataAccess.Repositories.UserRepository.GetConnectionsByUserId: GetConnectionsByUserId() Fin.
2021-12-24 10:37:47 [(null)] [(null)] [ERROR] [16]  DataAccess.Repositories.UserRepository.GetConnectionsByUserId: GetConnectionsByUserId() Fin.
2021-12-24 10:37:47 [(null)] [(null)] [ERROR] [16]  DataAccess.Repositories.UserRepository.GetConnectionsByUserId: GetConnectionsByUserId() Fin.
2021-12-24 10:38:00 [(null)] [(null)] [ERROR] [15]  DataAccess.Repositories.UserRepository.GetConnectionsByUserId: GetConnectionsByUserId() Fin.
2021-12-24 10:38:00 [(null)] [(null)] [ERROR] [16]  DataAccess.Repositories.UserRepository.GetConnectionsByUserId: GetConnectionsByUserId() Fin.
2021-12-24 10:38:02 [(null)] [(null)] [ERROR] [16]  DataAccess.Repositories.UserRepository.GetConnectionsByUserId: GetConnectionsByUserId() Fin.
2021-12-24 10:38:04 [(null)] [(null)] [ERROR] [15]  DataAccess.Repositories.UserRepository.GetConnectionsByUserId: GetConnectionsByUserId() Fin.
2021-12-24 10:43:23 [(null)] [(null)] [ERROR] [18]  DataAccess.Repositories.UserRepository.GetUserByEmail: GetUserByEmail() Fin.
2021-12-24 10:43:23 [(null)] [(null)] [ERROR] [18]  DataAccess.Repositories.UserRepository.GetConnectionsByUserId: GetConnectionsByUserId() Fin.
2021-12-24 10:43:25 [(null)] [(null)] [ERROR] [4]  DataAccess.Repositories.UserRepository.GetConnectionsByUserId: GetConnectionsByUserId() Fin.
2021-12-24 10:43:25 [(null)] [(null)] [ERROR] [19]  DataAccess.Repositories.UserRepository.GetConnectionsByUserId: GetConnectionsByUserId() Fin.
2021-12-24 10:44:45 [(null)] [(null)] [ERROR] [24]  DataAccess.Repositories.UserRepository.GetConnectionsByUserId: GetConnectionsByUserId() Fin.
2021-12-24 10:44:45 [(null)] [(null)] [ERROR] [24]  DataAccess.Repositories.UserRepository.GetConnectionsByUserId: GetConnectionsByUserId() Fin.
2021-12-24 10:45:45 [(null)] [(null)] [ERROR] [18]  DataAccess.Repositories.UserRepository.GetConnectionsByUserId: GetConnectionsByUserId() Fin.
2021-12-24 10:49:31 [(null)] [(null)] [ERROR] [10]  DataAccess.Repositories.UserRepository.GetUserByEmail: GetUserByEmail() Fin.
2021-12-24 10:49:31 [(null)] [(null)] [ERROR] [10]  DataAccess.Repositories.UserRepository.GetConnectionsByUserId: GetConnectionsByUserId() Fin.
2021-12-24 10:49:33 [(null)] [(null)] [ERROR] [9]  DataAccess.Repositories.UserRepository.GetConnectionsByUserId: GetConnectionsByUserId() Fin.
2021-12-24 10:49:33 [(null)] [(null)] [ERROR] [9]  DataAccess.Repositories.UserRepository.GetConnectionsByUserId: GetConnectionsByUserId() Fin.
2021-12-24 10:49:39 [(null)] [(null)] [ERROR] [16]  DataAccess.Repositories.UserRepository.GetConnectionsByUserId: GetConnectionsByUserId() Fin.
2021-12-24 10:49:45 [(null)] [(null)] [ERROR] [13]  DataAccess.Repositories.PaymentRepository.GetPago: GetPago() Fin.
2021-12-24 10:53:52 [(null)] [(null)] [ERROR] [18]  DataAccess.Repositories.UserRepository.GetUserByEmail: GetUserByEmail() Fin.
2021-12-24 10:53:52 [(null)] [(null)] [ERROR] [18]  DataAccess.Repositories.UserRepository.GetConnectionsByUserId: GetConnectionsByUserId() Fin.
2021-12-24 10:53:55 [(null)] [(null)] [ERROR] [5]  DataAccess.Repositories.UserRepository.GetConnectionsByUserId: GetConnectionsByUserId() Fin.
2021-12-24 10:53:55 [(null)] [(null)] [ERROR] [18]  DataAccess.Repositories.UserRepository.GetConnectionsByUserId: GetConnectionsByUserId() Fin.
2021-12-24 10:56:51 [(null)] [(null)] [ERROR] [14]  DataAccess.Repositories.UserRepository.GetConnectionsByUserId: GetConnectionsByUserId() Fin.
2021-12-24 10:56:52 [(null)] [(null)] [ERROR] [28]  DataAccess.Repositories.UserRepository.GetConnectionsByUserId: GetConnectionsByUserId() Fin.
2021-12-24 11:16:01 [(null)] [(null)] [ERROR] [33]  DataAccess.Repositories.UserRepository.GetUserByEmail: GetUserByEmail() Fin.
2021-12-24 11:16:01 [(null)] [(null)] [ERROR] [33]  DataAccess.Repositories.UserRepository.GetConnectionsByUserId: GetConnectionsByUserId() Fin.
2021-12-24 11:16:04 [(null)] [(null)] [ERROR] [35]  DataAccess.Repositories.UserRepository.GetConnectionsByUserId: GetConnectionsByUserId() Fin.
2021-12-24 11:16:05 [(null)] [(null)] [ERROR] [35]  DataAccess.Repositories.UserRepository.GetConnectionsByUserId: GetConnectionsByUserId() Fin.
2021-12-24 11:16:24 [(null)] [(null)] [ERROR] [34]  DataAccess.Repositories.UserRepository.GetConnectionsByUserId: GetConnectionsByUserId() Fin.
2021-12-24 11:17:41 [(null)] [(null)] [ERROR] [41]  DataAccess.Repositories.UserRepository.GetConnectionsByUserId: GetConnectionsByUserId() Fin.
2021-12-24 11:17:41 [(null)] [(null)] [ERROR] [41]  DataAccess.Repositories.UserRepository.GetConnectionsByUserId: GetConnectionsByUserId() Fin.
2021-12-24 11:20:36 [(null)] [(null)] [ERROR] [35]  DataAccess.Repositories.UserRepository.GetConnectionsByUserId: GetConnectionsByUserId() Fin.
2021-12-24 11:20:37 [(null)] [(null)] [ERROR] [34]  DataAccess.Repositories.UserRepository.GetConnectionsByUserId: GetConnectionsByUserId() Fin.
2021-12-24 11:21:08 [(null)] [(null)] [ERROR] [39]  DataAccess.Repositories.UserRepository.GetConnectionsByUserId: GetConnectionsByUserId() Fin.
2021-12-24 11:21:23 [(null)] [(null)] [ERROR] [37]  DataAccess.Repositories.PaymentRepository.GetPago: GetPago() Fin.
2021-12-24 11:25:16 [(null)] [(null)] [ERROR] [9]  DataAccess.Repositories.UserRepository.GetUserByEmail: GetUserByEmail() Fin.
2021-12-24 11:25:16 [(null)] [(null)] [ERROR] [9]  DataAccess.Repositories.UserRepository.GetConnectionsByUserId: GetConnectionsByUserId() Fin.
2021-12-24 11:25:18 [(null)] [(null)] [ERROR] [10]  DataAccess.Repositories.UserRepository.GetConnectionsByUserId: GetConnectionsByUserId() Fin.
2021-12-24 11:25:18 [(null)] [(null)] [ERROR] [9]  DataAccess.Repositories.UserRepository.GetConnectionsByUserId: GetConnectionsByUserId() Fin.
2021-12-24 11:25:22 [(null)] [(null)] [ERROR] [9]  DataAccess.Repositories.UserRepository.GetConnectionsByUserId: GetConnectionsByUserId() Fin.
2021-12-24 11:25:27 [(null)] [(null)] [ERROR] [9]  DataAccess.Repositories.PaymentRepository.GetPago: GetPago() Fin.
2021-12-24 11:27:48 [(null)] [(null)] [ERROR] [7]  DataAccess.Repositories.UserRepository.GetConnectionsByUserId: GetConnectionsByUserId() Fin.
2021-12-24 11:27:48 [(null)] [(null)] [ERROR] [15]  DataAccess.Repositories.UserRepository.GetConnectionsByUserId: GetConnectionsByUserId() Fin.
2021-12-24 11:27:52 [(null)] [(null)] [ERROR] [15]  DataAccess.Repositories.UserRepository.GetConnectionsByUserId: GetConnectionsByUserId() Fin.
2021-12-24 11:27:57 [(null)] [(null)] [ERROR] [16]  DataAccess.Repositories.PaymentRepository.GetPago: GetPago() Fin.
2021-12-28 19:30:45 [(null)] [(null)] [ERROR] [14]  DataAccess.Repositories.UserRepository.GetUserByEmail: GetUserByEmail() Fin.
2021-12-28 19:30:46 [(null)] [(null)] [ERROR] [14]  DataAccess.Repositories.UserRepository.GetConnectionsByUserId: GetConnectionsByUserId() Fin.
2021-12-28 19:30:47 [(null)] [(null)] [ERROR] [14]  DataAccess.Repositories.UserRepository.GetConnectionsByUserId: GetConnectionsByUserId() Fin.
2021-12-28 19:30:47 [(null)] [(null)] [ERROR] [15]  DataAccess.Repositories.UserRepository.GetConnectionsByUserId: GetConnectionsByUserId() Fin.
2021-12-28 19:30:55 [(null)] [(null)] [ERROR] [10]  DataAccess.Repositories.UserRepository.GetConnectionsByUserId: GetConnectionsByUserId() Fin.
2021-12-28 19:31:29 [(null)] [(null)] [ERROR] [10]  DataAccess.Repositories.PaymentRepository.GetPago: GetPago() Fin.
2021-12-28 19:56:41 [(null)] [(null)] [ERROR] [20]  DataAccess.Repositories.UserRepository.GetUserByEmail: GetUserByEmail() Fin.
2021-12-28 19:56:41 [(null)] [(null)] [ERROR] [20]  DataAccess.Repositories.UserRepository.GetConnectionsByUserId: GetConnectionsByUserId() Fin.
2021-12-28 19:56:42 [(null)] [(null)] [ERROR] [5]  DataAccess.Repositories.UserRepository.GetConnectionsByUserId: GetConnectionsByUserId() Fin.
2021-12-28 19:56:43 [(null)] [(null)] [ERROR] [4]  DataAccess.Repositories.UserRepository.GetConnectionsByUserId: GetConnectionsByUserId() Fin.
2022-01-17 13:35:38 [(null)] [(null)] [ERROR] [18]  DataAccess.Repositories.UserRepository.GetUserByEmail: GetUserByEmail() Fin.
2022-01-17 13:35:38 [(null)] [(null)] [ERROR] [18]  DataAccess.Repositories.UserRepository.GetConnectionsByUserId: GetConnectionsByUserId() Fin.
2022-01-17 13:35:39 [(null)] [(null)] [ERROR] [7]  DataAccess.Repositories.UserRepository.GetConnectionsByUserId: GetConnectionsByUserId() Fin.
2022-01-17 13:35:40 [(null)] [(null)] [ERROR] [17]  DataAccess.Repositories.UserRepository.GetConnectionsByUserId: GetConnectionsByUserId() Fin.
2022-01-17 13:35:49 [(null)] [(null)] [ERROR] [17]  DataAccess.Repositories.UserRepository.GetConnectionsByUserId: GetConnectionsByUserId() Fin.
2022-01-17 13:36:01 [(null)] [(null)] [ERROR] [17]  DataAccess.Repositories.PaymentRepository.GetPago: GetPago() Fin.
2022-01-17 14:40:46 [(null)] [(null)] [ERROR] [19]  DataAccess.Repositories.UserRepository.GetUserByEmail: GetUserByEmail() Fin.
2022-01-17 14:40:46 [(null)] [(null)] [ERROR] [19]  DataAccess.Repositories.UserRepository.GetConnectionsByUserId: GetConnectionsByUserId() Fin.
2022-01-17 14:40:47 [(null)] [(null)] [ERROR] [19]  DataAccess.Repositories.UserRepository.GetConnectionsByUserId: GetConnectionsByUserId() Fin.
2022-01-17 14:40:47 [(null)] [(null)] [ERROR] [20]  DataAccess.Repositories.UserRepository.GetConnectionsByUserId: GetConnectionsByUserId() Fin.
2022-01-17 14:41:19 [(null)] [(null)] [ERROR] [9]  DataAccess.Repositories.UserRepository.GetConnectionsByUserId: GetConnectionsByUserId() Fin.
2022-01-17 14:41:19 [(null)] [(null)] [ERROR] [4]  DataAccess.Repositories.UserRepository.GetConnectionsByUserId: GetConnectionsByUserId() Fin.
2022-01-17 14:42:02 [(null)] [(null)] [ERROR] [27]  DataAccess.Repositories.UserRepository.GetConnectionsByUserId: GetConnectionsByUserId() Fin.
2022-01-17 14:42:02 [(null)] [(null)] [ERROR] [27]  DataAccess.Repositories.UserRepository.GetConnectionsByUserId: GetConnectionsByUserId() Fin.
2022-01-17 14:48:44 [(null)] [(null)] [ERROR] [34]  DataAccess.Repositories.UserRepository.GetUserByEmail: GetUserByEmail() Fin.
2022-01-17 14:48:44 [(null)] [(null)] [ERROR] [34]  DataAccess.Repositories.UserRepository.GetConnectionsByUserId: GetConnectionsByUserId() Fin.
2022-01-17 14:48:47 [(null)] [(null)] [ERROR] [34]  DataAccess.Repositories.UserRepository.GetConnectionsByUserId: GetConnectionsByUserId() Fin.
2022-01-17 14:48:47 [(null)] [(null)] [ERROR] [31]  DataAccess.Repositories.UserRepository.GetConnectionsByUserId: GetConnectionsByUserId() Fin.
2022-01-17 14:50:55 [(null)] [(null)] [ERROR] [29]  DataAccess.Repositories.UserRepository.GetUserByEmail: GetUserByEmail() Fin.
2022-01-17 14:50:55 [(null)] [(null)] [ERROR] [29]  DataAccess.Repositories.UserRepository.GetConnectionsByUserId: GetConnectionsByUserId() Fin.
2022-01-17 14:50:55 [(null)] [(null)] [ERROR] [28]  DataAccess.Repositories.UserRepository.GetConnectionsByUserId: GetConnectionsByUserId() Fin.
2022-01-17 14:50:56 [(null)] [(null)] [ERROR] [29]  DataAccess.Repositories.UserRepository.GetConnectionsByUserId: GetConnectionsByUserId() Fin.
2022-01-17 14:54:47 [(null)] [(null)] [ERROR] [24]  DataAccess.Repositories.UserRepository.GetConnectionsByUserId: GetConnectionsByUserId() Fin.
2022-01-17 14:54:47 [(null)] [(null)] [ERROR] [23]  DataAccess.Repositories.UserRepository.GetConnectionsByUserId: GetConnectionsByUserId() Fin.
2022-01-17 14:55:25 [(null)] [(null)] [ERROR] [25]  DataAccess.Repositories.UserRepository.GetConnectionsByUserId: GetConnectionsByUserId() Fin.
2022-01-17 14:55:25 [(null)] [(null)] [ERROR] [22]  DataAccess.Repositories.UserRepository.GetConnectionsByUserId: GetConnectionsByUserId() Fin.
2022-01-17 14:59:26 [(null)] [(null)] [ERROR] [9]  DataAccess.Repositories.UserRepository.GetConnectionsByUserId: GetConnectionsByUserId() Fin.
2022-01-17 14:59:27 [(null)] [(null)] [ERROR] [10]  DataAccess.Repositories.UserRepository.GetConnectionsByUserId: GetConnectionsByUserId() Fin.
2022-01-17 14:59:34 [(null)] [(null)] [ERROR] [19]  DataAccess.Repositories.UserRepository.GetConnectionsByUserId: GetConnectionsByUserId() Fin.
2022-01-17 14:59:34 [(null)] [(null)] [ERROR] [10]  DataAccess.Repositories.UserRepository.GetConnectionsByUserId: GetConnectionsByUserId() Fin.
2022-01-17 15:12:16 [(null)] [(null)] [ERROR] [36]  DataAccess.Repositories.UserRepository.GetUserByEmail: GetUserByEmail() Fin.
2022-01-17 15:12:16 [(null)] [(null)] [ERROR] [36]  DataAccess.Repositories.UserRepository.GetConnectionsByUserId: GetConnectionsByUserId() Fin.
2022-01-17 15:12:17 [(null)] [(null)] [ERROR] [37]  DataAccess.Repositories.UserRepository.GetConnectionsByUserId: GetConnectionsByUserId() Fin.
2022-01-17 15:12:17 [(null)] [(null)] [ERROR] [36]  DataAccess.Repositories.UserRepository.GetConnectionsByUserId: GetConnectionsByUserId() Fin.
2022-01-17 15:12:27 [(null)] [(null)] [ERROR] [7]  DataAccess.Repositories.UserRepository.GetConnectionsByUserId: GetConnectionsByUserId() Fin.
2022-01-17 15:20:19 [(null)] [(null)] [ERROR] [43]  DataAccess.Repositories.UserRepository.GetUserByEmail: GetUserByEmail() Fin.
2022-01-17 15:20:19 [(null)] [(null)] [ERROR] [43]  DataAccess.Repositories.UserRepository.GetConnectionsByUserId: GetConnectionsByUserId() Fin.
2022-01-17 15:20:20 [(null)] [(null)] [ERROR] [44]  DataAccess.Repositories.UserRepository.GetConnectionsByUserId: GetConnectionsByUserId() Fin.
2022-01-17 15:20:20 [(null)] [(null)] [ERROR] [42]  DataAccess.Repositories.UserRepository.GetConnectionsByUserId: GetConnectionsByUserId() Fin.
2022-01-17 15:20:23 [(null)] [(null)] [ERROR] [43]  DataAccess.Repositories.UserRepository.GetConnectionsByUserId: GetConnectionsByUserId() Fin.
2022-01-17 15:21:56 [(null)] [(null)] [ERROR] [38]  DataAccess.Repositories.PaymentRepository.GetPago: GetPago() Fin.
2022-01-17 15:22:21 [(null)] [(null)] [ERROR] [38]  DataAccess.Repositories.UserRepository.GetConnectionsByUserId: GetConnectionsByUserId() Fin.
2022-01-17 15:23:01 [(null)] [(null)] [ERROR] [10]  DataAccess.Repositories.PaymentRepository.GetPago: GetPago() Fin.
2022-01-17 15:23:07 [(null)] [(null)] [ERROR] [15]  DataAccess.Repositories.UserRepository.GetConnectionsByUserId: GetConnectionsByUserId() Fin.
2022-01-17 15:23:07 [(null)] [(null)] [ERROR] [18]  DataAccess.Repositories.UserRepository.GetConnectionsByUserId: GetConnectionsByUserId() Fin.
2022-01-17 20:12:56 [(null)] [(null)] [ERROR] [16]  DataAccess.Repositories.UserRepository.GetUserByEmail: GetUserByEmail() Fin.
2022-01-17 20:12:56 [(null)] [(null)] [ERROR] [16]  DataAccess.Repositories.UserRepository.GetConnectionsByUserId: GetConnectionsByUserId() Fin.
2022-01-17 20:12:58 [(null)] [(null)] [ERROR] [17]  DataAccess.Repositories.UserRepository.GetConnectionsByUserId: GetConnectionsByUserId() Fin.
2022-01-17 20:12:59 [(null)] [(null)] [ERROR] [13]  DataAccess.Repositories.UserRepository.GetConnectionsByUserId: GetConnectionsByUserId() Fin.
2022-01-17 20:13:15 [(null)] [(null)] [ERROR] [13]  DataAccess.Repositories.UserRepository.GetConnectionsByUserId: GetConnectionsByUserId() Fin.
2022-01-17 20:19:11 [(null)] [(null)] [ERROR] [14]  DataAccess.Repositories.UserRepository.GetUserByEmail: GetUserByEmail() Fin.
2022-01-17 20:19:11 [(null)] [(null)] [ERROR] [14]  DataAccess.Repositories.UserRepository.GetConnectionsByUserId: GetConnectionsByUserId() Fin.
2022-01-17 20:19:13 [(null)] [(null)] [ERROR] [15]  DataAccess.Repositories.UserRepository.GetConnectionsByUserId: GetConnectionsByUserId() Fin.
2022-01-17 20:19:14 [(null)] [(null)] [ERROR] [16]  DataAccess.Repositories.UserRepository.GetConnectionsByUserId: GetConnectionsByUserId() Fin.
2022-01-17 20:19:25 [(null)] [(null)] [ERROR] [14]  DataAccess.Repositories.UserRepository.GetConnectionsByUserId: GetConnectionsByUserId() Fin.
2022-01-17 20:19:52 [(null)] [(null)] [ERROR] [16]  DataAccess.Repositories.PaymentRepository.GetPago: GetPago() Fin.
2022-01-17 20:27:31 [(null)] [(null)] [ERROR] [21]  DataAccess.Repositories.UserRepository.GetUserByEmail: GetUserByEmail() Fin.
2022-01-17 20:27:31 [(null)] [(null)] [ERROR] [21]  DataAccess.Repositories.UserRepository.GetConnectionsByUserId: GetConnectionsByUserId() Fin.
2022-01-17 20:27:32 [(null)] [(null)] [ERROR] [23]  DataAccess.Repositories.UserRepository.GetConnectionsByUserId: GetConnectionsByUserId() Fin.
2022-01-17 20:27:33 [(null)] [(null)] [ERROR] [24]  DataAccess.Repositories.UserRepository.GetConnectionsByUserId: GetConnectionsByUserId() Fin.
2022-01-17 20:27:39 [(null)] [(null)] [ERROR] [24]  DataAccess.Repositories.UserRepository.GetConnectionsByUserId: GetConnectionsByUserId() Fin.
2022-01-17 20:28:01 [(null)] [(null)] [ERROR] [23]  DataAccess.Repositories.PaymentRepository.GetPago: GetPago() Fin.
2022-01-18 19:52:45 [(null)] [(null)] [ERROR] [16]  DataAccess.Repositories.UserRepository.GetUserByEmail: GetUserByEmail() Fin.
2022-01-18 19:52:45 [(null)] [(null)] [ERROR] [16]  DataAccess.Repositories.UserRepository.GetConnectionsByUserId: GetConnectionsByUserId() Fin.
2022-01-18 19:52:46 [(null)] [(null)] [ERROR] [14]  DataAccess.Repositories.UserRepository.GetConnectionsByUserId: GetConnectionsByUserId() Fin.
2022-01-18 19:52:47 [(null)] [(null)] [ERROR] [15]  DataAccess.Repositories.UserRepository.GetConnectionsByUserId: GetConnectionsByUserId() Fin.
2022-01-18 19:52:51 [(null)] [(null)] [ERROR] [16]  DataAccess.Repositories.UserRepository.GetConnectionsByUserId: GetConnectionsByUserId() Fin.
2022-01-18 19:53:21 [(null)] [(null)] [ERROR] [14]  DataAccess.Repositories.PaymentRepository.GetPago: GetPago() Fin.
2022-01-18 20:18:45 [(null)] [(null)] [ERROR] [18]  DataAccess.Repositories.UserRepository.GetUserByEmail: GetUserByEmail() Fin.
2022-01-18 20:18:45 [(null)] [(null)] [ERROR] [18]  DataAccess.Repositories.UserRepository.GetConnectionsByUserId: GetConnectionsByUserId() Fin.
2022-01-18 20:18:46 [(null)] [(null)] [ERROR] [20]  DataAccess.Repositories.UserRepository.GetConnectionsByUserId: GetConnectionsByUserId() Fin.
2022-01-18 20:18:46 [(null)] [(null)] [ERROR] [18]  DataAccess.Repositories.UserRepository.GetConnectionsByUserId: GetConnectionsByUserId() Fin.
2022-01-18 20:18:50 [(null)] [(null)] [ERROR] [20]  DataAccess.Repositories.UserRepository.GetConnectionsByUserId: GetConnectionsByUserId() Fin.
2022-01-18 20:19:08 [(null)] [(null)] [ERROR] [20]  DataAccess.Repositories.PaymentRepository.GetPago: GetPago() Fin.
2022-01-18 20:21:41 [(null)] [(null)] [ERROR] [22]  DataAccess.Repositories.UserRepository.GetConnectionsByUserId: GetConnectionsByUserId() Fin.
2022-01-18 20:21:41 [(null)] [(null)] [ERROR] [22]  DataAccess.Repositories.UserRepository.GetConnectionsByUserId: GetConnectionsByUserId() Fin.
2022-01-18 20:21:45 [(null)] [(null)] [ERROR] [23]  DataAccess.Repositories.UserRepository.GetConnectionsByUserId: GetConnectionsByUserId() Fin.
2022-01-18 20:22:01 [(null)] [(null)] [ERROR] [24]  DataAccess.Repositories.PaymentRepository.GetPago: GetPago() Fin.
2022-01-19 19:57:27 [(null)] [(null)] [ERROR] [18]  DataAccess.Repositories.UserRepository.GetUserByEmail: Ocurrieron Errores. A network-related or instance-specific error occurred while establishing a connection to SQL Server. The server was not found or was not accessible. Verify that the instance name is correct and that SQL Server is configured to allow remote connections. (provider: Named Pipes Provider, error: 40 - Could not open a connection to SQL Server)
2022-01-19 19:57:27 [(null)] [(null)] [ERROR] [18]  DataAccess.Repositories.UserRepository.GetUserByEmail: GetUserByEmail() Fin.
2022-01-19 19:57:56 [(null)] [(null)] [ERROR] [10]  DataAccess.Repositories.UserRepository.GetUserByEmail: GetUserByEmail() Fin.
2022-01-19 19:57:56 [(null)] [(null)] [ERROR] [10]  DataAccess.Repositories.UserRepository.GetConnectionsByUserId: GetConnectionsByUserId() Fin.
2022-01-19 19:57:57 [(null)] [(null)] [ERROR] [9]  DataAccess.Repositories.UserRepository.GetConnectionsByUserId: GetConnectionsByUserId() Fin.
2022-01-19 19:57:57 [(null)] [(null)] [ERROR] [10]  DataAccess.Repositories.UserRepository.GetConnectionsByUserId: GetConnectionsByUserId() Fin.
2022-01-19 19:58:03 [(null)] [(null)] [ERROR] [18]  DataAccess.Repositories.UserRepository.GetConnectionsByUserId: GetConnectionsByUserId() Fin.
2022-01-19 19:58:28 [(null)] [(null)] [ERROR] [9]  DataAccess.Repositories.PaymentRepository.GetPago: GetPago() Fin.
2022-01-19 20:12:17 [(null)] [(null)] [ERROR] [19]  DataAccess.Repositories.UserRepository.GetUserByEmail: GetUserByEmail() Fin.
2022-01-19 20:12:17 [(null)] [(null)] [ERROR] [19]  DataAccess.Repositories.UserRepository.GetConnectionsByUserId: GetConnectionsByUserId() Fin.
2022-01-19 20:12:17 [(null)] [(null)] [ERROR] [19]  DataAccess.Repositories.UserRepository.GetConnectionsByUserId: GetConnectionsByUserId() Fin.
2022-01-19 20:12:18 [(null)] [(null)] [ERROR] [5]  DataAccess.Repositories.UserRepository.GetConnectionsByUserId: GetConnectionsByUserId() Fin.
2022-01-19 20:12:21 [(null)] [(null)] [ERROR] [22]  DataAccess.Repositories.UserRepository.GetConnectionsByUserId: GetConnectionsByUserId() Fin.
2022-01-19 20:12:51 [(null)] [(null)] [ERROR] [22]  DataAccess.Repositories.PaymentRepository.GetPago: GetPago() Fin.
2022-01-19 20:13:39 [(null)] [(null)] [ERROR] [27]  DataAccess.Repositories.UserRepository.GetConnectionsByUserId: GetConnectionsByUserId() Fin.
2022-01-19 20:13:39 [(null)] [(null)] [ERROR] [28]  DataAccess.Repositories.UserRepository.GetConnectionsByUserId: GetConnectionsByUserId() Fin.
2022-01-19 20:13:48 [(null)] [(null)] [ERROR] [27]  DataAccess.Repositories.UserRepository.GetConnectionsByUserId: GetConnectionsByUserId() Fin.
2022-01-19 20:14:16 [(null)] [(null)] [ERROR] [28]  DataAccess.Repositories.PaymentRepository.GetPago: GetPago() Fin.
2022-01-20 07:12:49 [(null)] [(null)] [ERROR] [14]  DataAccess.Repositories.UserRepository.GetUserByEmail: GetUserByEmail() Fin.
2022-01-20 07:12:50 [(null)] [(null)] [ERROR] [14]  DataAccess.Repositories.UserRepository.GetConnectionsByUserId: GetConnectionsByUserId() Fin.
2022-01-20 07:12:51 [(null)] [(null)] [ERROR] [13]  DataAccess.Repositories.UserRepository.GetUserByEmail: GetUserByEmail() Fin.
2022-01-20 07:12:51 [(null)] [(null)] [ERROR] [13]  DataAccess.Repositories.UserRepository.GetConnectionsByUserId: GetConnectionsByUserId() Fin.
2022-01-20 07:12:52 [(null)] [(null)] [ERROR] [10]  DataAccess.Repositories.UserRepository.GetConnectionsByUserId: GetConnectionsByUserId() Fin.
2022-01-20 07:12:53 [(null)] [(null)] [ERROR] [14]  DataAccess.Repositories.UserRepository.GetConnectionsByUserId: GetConnectionsByUserId() Fin.
2022-01-20 07:12:58 [(null)] [(null)] [ERROR] [16]  DataAccess.Repositories.UserRepository.GetConnectionsByUserId: GetConnectionsByUserId() Fin.
2022-01-20 07:13:23 [(null)] [(null)] [ERROR] [15]  DataAccess.Repositories.PaymentRepository.GetPago: GetPago() Fin.
2022-01-20 07:14:02 [(null)] [(null)] [ERROR] [4]  DataAccess.Repositories.UserRepository.GetConnectionsByUserId: GetConnectionsByUserId() Fin.
2022-01-20 07:14:03 [(null)] [(null)] [ERROR] [17]  DataAccess.Repositories.UserRepository.GetConnectionsByUserId: GetConnectionsByUserId() Fin.
2022-01-20 07:14:04 [(null)] [(null)] [ERROR] [17]  DataAccess.Repositories.UserRepository.GetUserByEmail: GetUserByEmail() Fin.
2022-01-20 07:14:04 [(null)] [(null)] [ERROR] [17]  DataAccess.Repositories.UserRepository.GetConnectionsByUserId: GetConnectionsByUserId() Fin.
2022-01-20 07:14:04 [(null)] [(null)] [ERROR] [4]  DataAccess.Repositories.UserRepository.GetConnectionsByUserId: GetConnectionsByUserId() Fin.
2022-01-20 07:14:04 [(null)] [(null)] [ERROR] [19]  DataAccess.Repositories.UserRepository.GetConnectionsByUserId: GetConnectionsByUserId() Fin.
2022-01-20 07:15:35 [(null)] [(null)] [ERROR] [22]  DataAccess.Repositories.UserRepository.GetConnectionsByUserId: GetConnectionsByUserId() Fin.
2022-01-20 07:16:10 [(null)] [(null)] [ERROR] [22]  DataAccess.Repositories.PaymentRepository.GetPago: GetPago() Fin.
2022-01-20 07:18:07 [(null)] [(null)] [ERROR] [19]  DataAccess.Repositories.UserRepository.GetUserByEmail: GetUserByEmail() Fin.
2022-01-20 07:18:07 [(null)] [(null)] [ERROR] [19]  DataAccess.Repositories.UserRepository.GetConnectionsByUserId: GetConnectionsByUserId() Fin.
2022-01-20 07:18:08 [(null)] [(null)] [ERROR] [5]  DataAccess.Repositories.UserRepository.GetConnectionsByUserId: GetConnectionsByUserId() Fin.
2022-01-20 07:18:08 [(null)] [(null)] [ERROR] [5]  DataAccess.Repositories.UserRepository.GetConnectionsByUserId: GetConnectionsByUserId() Fin.
2022-01-20 07:18:11 [(null)] [(null)] [ERROR] [9]  DataAccess.Repositories.UserRepository.GetConnectionsByUserId: GetConnectionsByUserId() Fin.
2022-01-20 07:18:16 [(null)] [(null)] [ERROR] [5]  DataAccess.Repositories.PaymentRepository.GetPago: GetPago() Fin.
2022-01-20 07:20:05 [(null)] [(null)] [ERROR] [15]  DataAccess.Repositories.UserRepository.GetConnectionsByUserId: GetConnectionsByUserId() Fin.
2022-01-20 07:20:06 [(null)] [(null)] [ERROR] [13]  DataAccess.Repositories.UserRepository.GetConnectionsByUserId: GetConnectionsByUserId() Fin.
2022-01-20 07:20:10 [(null)] [(null)] [ERROR] [10]  DataAccess.Repositories.UserRepository.GetConnectionsByUserId: GetConnectionsByUserId() Fin.
2022-01-20 07:20:29 [(null)] [(null)] [ERROR] [15]  DataAccess.Repositories.PaymentRepository.GetPago: GetPago() Fin.
2022-01-20 07:21:25 [(null)] [(null)] [ERROR] [5]  DataAccess.Repositories.UserRepository.GetConnectionsByUserId: GetConnectionsByUserId() Fin.
2022-01-20 07:21:26 [(null)] [(null)] [ERROR] [11]  DataAccess.Repositories.UserRepository.GetConnectionsByUserId: GetConnectionsByUserId() Fin.
2022-01-20 07:21:30 [(null)] [(null)] [ERROR] [11]  DataAccess.Repositories.UserRepository.GetConnectionsByUserId: GetConnectionsByUserId() Fin.
2022-01-20 07:21:34 [(null)] [(null)] [ERROR] [10]  DataAccess.Repositories.PaymentRepository.GetPago: GetPago() Fin.
2022-01-20 07:21:46 [(null)] [(null)] [ERROR] [10]  DataAccess.Repositories.UserRepository.GetConnectionsByUserId: GetConnectionsByUserId() Fin.
2022-01-20 07:21:46 [(null)] [(null)] [ERROR] [14]  DataAccess.Repositories.UserRepository.GetConnectionsByUserId: GetConnectionsByUserId() Fin.
2022-01-20 07:21:50 [(null)] [(null)] [ERROR] [14]  DataAccess.Repositories.UserRepository.GetConnectionsByUserId: GetConnectionsByUserId() Fin.
2022-01-20 07:21:53 [(null)] [(null)] [ERROR] [14]  DataAccess.Repositories.PaymentRepository.GetPago: GetPago() Fin.
2022-02-03 16:23:10 [(null)] [(null)] [ERROR] [17]  DataAccess.Repositories.UserRepository.GetUserByEmail: GetUserByEmail() Fin.
2022-02-03 16:23:10 [(null)] [(null)] [ERROR] [17]  DataAccess.Repositories.UserRepository.GetConnectionsByUserId: GetConnectionsByUserId() Fin.
2022-02-03 16:23:12 [(null)] [(null)] [ERROR] [17]  DataAccess.Repositories.UserRepository.GetConnectionsByUserId: GetConnectionsByUserId() Fin.
2022-02-03 16:23:12 [(null)] [(null)] [ERROR] [18]  DataAccess.Repositories.UserRepository.GetConnectionsByUserId: GetConnectionsByUserId() Fin.
2022-02-03 16:24:01 [(null)] [(null)] [ERROR] [23]  DataAccess.Repositories.UserRepository.GetConnectionsByUserId: GetConnectionsByUserId() Fin.
2022-02-03 16:24:02 [(null)] [(null)] [ERROR] [20]  DataAccess.Repositories.PaymentRepository.GetPago: GetPago() Fin.
2022-02-03 16:25:33 [(null)] [(null)] [ERROR] [24]  DataAccess.Repositories.UserRepository.GetConnectionsByUserId: GetConnectionsByUserId() Fin.
2022-02-03 16:25:33 [(null)] [(null)] [ERROR] [26]  DataAccess.Repositories.UserRepository.GetConnectionsByUserId: GetConnectionsByUserId() Fin.
2022-02-03 16:25:38 [(null)] [(null)] [ERROR] [27]  DataAccess.Repositories.UserRepository.GetConnectionsByUserId: GetConnectionsByUserId() Fin.
2022-02-03 16:25:38 [(null)] [(null)] [ERROR] [27]  DataAccess.Repositories.PaymentRepository.GetPago: GetPago() Fin.
2022-02-03 16:27:00 [(null)] [(null)] [ERROR] [13]  DataAccess.Repositories.UserRepository.GetUserByEmail: GetUserByEmail() Fin.
2022-02-03 16:27:00 [(null)] [(null)] [ERROR] [13]  DataAccess.Repositories.UserRepository.GetConnectionsByUserId: GetConnectionsByUserId() Fin.
2022-02-03 16:27:11 [(null)] [(null)] [ERROR] [13]  DataAccess.Repositories.UserRepository.GetConnectionsByUserId: GetConnectionsByUserId() Fin.
2022-02-03 16:27:12 [(null)] [(null)] [ERROR] [10]  DataAccess.Repositories.UserRepository.GetConnectionsByUserId: GetConnectionsByUserId() Fin.
2022-02-03 16:27:25 [(null)] [(null)] [ERROR] [22]  DataAccess.Repositories.UserRepository.GetConnectionsByUserId: GetConnectionsByUserId() Fin.
2022-02-03 16:27:25 [(null)] [(null)] [ERROR] [20]  DataAccess.Repositories.PaymentRepository.GetPago: GetPago() Fin.
2022-02-21 18:07:06 [(null)] [(null)] [ERROR] [14]  DataAccess.Repositories.UserRepository.GetUserByEmail: GetUserByEmail() Fin.
2022-02-21 18:07:06 [(null)] [(null)] [ERROR] [14]  DataAccess.Repositories.UserRepository.GetConnectionsByUserId: GetConnectionsByUserId() Fin.
2022-02-21 18:07:11 [(null)] [(null)] [ERROR] [10]  DataAccess.Repositories.UserRepository.GetConnectionsByUserId: GetConnectionsByUserId() Fin.
2022-02-21 18:07:11 [(null)] [(null)] [ERROR] [14]  DataAccess.Repositories.UserRepository.GetConnectionsByUserId: GetConnectionsByUserId() Fin.
2022-02-21 18:10:16 [(null)] [(null)] [ERROR] [13]  DataAccess.Repositories.UserRepository.GetUserByEmail: GetUserByEmail() Fin.
2022-02-21 18:10:16 [(null)] [(null)] [ERROR] [13]  DataAccess.Repositories.UserRepository.GetConnectionsByUserId: GetConnectionsByUserId() Fin.
2022-02-21 18:13:59 [(null)] [(null)] [ERROR] [13]  DataAccess.Repositories.UserRepository.GetUserByEmail: GetUserByEmail() Fin.
2022-02-21 18:14:09 [(null)] [(null)] [ERROR] [13]  DataAccess.Repositories.UserRepository.GetUserByEmail: GetUserByEmail() Fin.
2022-02-21 18:14:09 [(null)] [(null)] [ERROR] [13]  DataAccess.Repositories.UserRepository.GetConnectionsByUserId: GetConnectionsByUserId() Fin.
2022-02-21 18:17:45 [(null)] [(null)] [ERROR] [8]  DataAccess.Repositories.UserRepository.GetUserByEmail: GetUserByEmail() Fin.
2022-02-21 18:17:45 [(null)] [(null)] [ERROR] [8]  DataAccess.Repositories.UserRepository.GetConnectionsByUserId: GetConnectionsByUserId() Fin.
2022-02-21 18:17:47 [(null)] [(null)] [ERROR] [8]  APITrylogycWebsite.Controllers.ServiceController.Login: Ocurrieron errores: System.ArgumentException: Column 'codigoBarra' does not belong to table Registro.
   at System.Data.DataRow.GetDataColumn(String columnName)
   at System.Data.DataRow.get_Item(String columnName)
   at System.Data.DataRowExtensions.Field[T](DataRow row, String columnName)
   at CommonTrylogycWebsite.DTO.Extensions.DTOBalanceExtensions.<>c.<PopulateBalancesCollectionFromDataTable>b__0_0(DataRow row)
   at System.Linq.Enumerable.SelectEnumerableIterator`2.MoveNext()
   at System.Linq.Enumerable.SelectEnumerableIterator`2.ToList()
   at System.Linq.Enumerable.ToList[TSource](IEnumerable`1 source)
   at CommonTrylogycWebsite.Models.WcfUser.CreateFromDTO(IDTOUser dtoUser)
   at APITrylogycWebsite.Controllers.ServiceController.Login(LoginRequest request) in C:\Fuentes\Trylogyc\VBNET\SitioWebPagos\Api-Pagos\APITrylogycWebsite\Controllers\ServiceController.cs:line 55
2022-02-21 18:34:23 [(null)] [(null)] [ERROR] [13]  DataAccess.Repositories.UserRepository.GetUserByEmail: GetUserByEmail() Fin.
2022-02-21 18:34:23 [(null)] [(null)] [ERROR] [13]  DataAccess.Repositories.UserRepository.GetConnectionsByUserId: GetConnectionsByUserId() Fin.
2022-02-22 16:28:15 [(null)] [(null)] [ERROR] [14]  DataAccess.Repositories.UserRepository.GetUserByEmail: GetUserByEmail() Fin.
2022-02-22 16:28:15 [(null)] [(null)] [ERROR] [14]  DataAccess.Repositories.UserRepository.GetConnectionsByUserId: GetConnectionsByUserId() Fin.
2022-02-22 16:28:22 [(null)] [(null)] [ERROR] [14]  DataAccess.Repositories.UserRepository.GetConnectionsByUserId: GetConnectionsByUserId() Fin.
2022-02-22 16:28:22 [(null)] [(null)] [ERROR] [16]  DataAccess.Repositories.UserRepository.GetConnectionsByUserId: GetConnectionsByUserId() Fin.
2022-02-22 16:28:44 [(null)] [(null)] [ERROR] [13]  DataAccess.Repositories.UserRepository.GetConnectionsByUserId: GetConnectionsByUserId() Fin.
2022-02-22 16:28:44 [(null)] [(null)] [ERROR] [16]  DataAccess.Repositories.PaymentRepository.GetPago: GetPago() Fin.
2022-02-22 16:28:44 [(null)] [(null)] [ERROR] [13]  DataAccess.Repositories.PaymentRepository.RegisterPayment: Register() Fin.
2022-02-22 16:28:46 [(null)] [(null)] [ERROR] [10]  DataAccess.Repositories.PaymentRepository.UpdatePayment: Update() Fin.
2022-02-22 16:28:58 [(null)] [(null)] [ERROR] [6]  DataAccess.Repositories.PaymentRepository.UpdatePaymentMP: Update() Fin.
2022-02-22 16:29:01 [(null)] [(null)] [ERROR] [18]  DataAccess.Repositories.UserRepository.GetConnectionsByUserId: GetConnectionsByUserId() Fin.
2022-02-22 16:29:01 [(null)] [(null)] [ERROR] [18]  DataAccess.Repositories.UserRepository.GetConnectionsByUserId: GetConnectionsByUserId() Fin.
2022-02-22 16:33:32 [(null)] [(null)] [ERROR] [8]  DataAccess.Repositories.UserRepository.GetUserByEmail: GetUserByEmail() Fin.
2022-02-22 16:33:32 [(null)] [(null)] [ERROR] [8]  DataAccess.Repositories.UserRepository.GetConnectionsByUserId: GetConnectionsByUserId() Fin.
2022-02-22 16:33:38 [(null)] [(null)] [ERROR] [15]  DataAccess.Repositories.UserRepository.GetConnectionsByUserId: GetConnectionsByUserId() Fin.
2022-02-22 16:33:38 [(null)] [(null)] [ERROR] [14]  DataAccess.Repositories.UserRepository.GetConnectionsByUserId: GetConnectionsByUserId() Fin.
